--- Test run on 2016/04/10 22:41:27 ---
Converting "/home/travis/build/lrascao/mnesia2/." to "/home/travis/build/lrascao/mnesia2" and re-inserting with add_patha/1


Common Test v1.7.1 starting (cwd is /home/travis/build/lrascao/mnesia2)


Common Test: Running make in test directories...
Recompile: mnesia2_extra_light_SUITE
Recompile: ts_install_cth
Recompile: mt
Recompile: mnesia2_trans_access_test
Recompile: mnesia2_tpcb
Recompile: mnesia2_test_lib
Recompile: mnesia2_schema_recovery_test
mnesia2_schema_recovery_test.erl:261: Warning: variable 'Bad' is unused
Recompile: mnesia2_registry_test
Recompile: mnesia2_recovery_test
mnesia2_recovery_test.erl:1571: Warning: variable 'Config' is unused
Recompile: mnesia2_qlc_test
Recompile: mnesia2_nice_coverage_test
Recompile: mnesia2_meter
Recompile: mnesia2_measure_test
Recompile: mnesia2_majority_test
Recompile: mnesia2_isolation_test
Recompile: mnesia2_install_test
Recompile: mnesia2_inconsistent_database_test
Recompile: mnesia2_frag_test
Recompile: mnesia2_frag_hash_test
Recompile: mnesia2_examples_test
Recompile: mnesia2_evil_coverage_test
Recompile: mnesia2_evil_backup
Recompile: mnesia2_durability_test
Recompile: mnesia2_dirty_access_test
Recompile: mnesia2_dbn_meters
Recompile: mnesia2_cost
Recompile: mnesia2_consistency_test
Recompile: mnesia2_config_test
Recompile: mnesia2_config_event
Recompile: mnesia2_config_backup
Recompile: mnesia2_atomicity_test

CWD set to: "/home/travis/build/lrascao/mnesia2/logs/ct_run.test1128@testing-worker-linux-docker-26d6cbdf-3358-linux-2.2016-04-10_22.41.27"

TEST INFO: 1 test(s), 52 case(s) in 1 suite(s)

Cover compiling 'mnesia2' (32 files) - this may take some time... done

Testing lrascao.mnesia2.mnesia2_extra_light_SUITE: Starting test, 52 test cases

----------------------------------------------------
2016-04-10 22:41:50.908
starting test group: extra_light


----------------------------------------------------
2016-04-10 22:41:50.933
starting test group: install


----------------------------------------------------
2016-04-10 22:41:51.024
starting test case: silly_durability


- - - - - - - - - - - - - - - - - - - - - - - - - -
mnesia2_test_lib:do_prepare failed on line 694
Reason: {test_case_fatal,"Cannot start appls ~p: ~p~n",[[...]|...],[...],...}
- - - - - - - - - - - - - - - - - - - - - - - - - -


----------------------------------------------------
2016-04-10 22:41:51.060
ending test case: silly_durability

Testing lrascao.mnesia2.mnesia2_extra_light_SUITE: *** FAILED *** test case 1 of 52

----------------------------------------------------
2016-04-10 22:41:51.090
starting test case: silly_move


- - - - - - - - - - - - - - - - - - - - - - - - - -
mnesia2_test_lib:do_prepare failed on line 694
Reason: {test_case_fatal,"Cannot start appls ~p: ~p~n",[[...]|...],[...],...}
- - - - - - - - - - - - - - - - - - - - - - - - - -


----------------------------------------------------
2016-04-10 22:41:51.513
ending test case: silly_move

Testing lrascao.mnesia2.mnesia2_extra_light_SUITE: *** FAILED *** test case 2 of 52

----------------------------------------------------
2016-04-10 22:41:51.540
starting test case: silly_upgrade


- - - - - - - - - - - - - - - - - - - - - - - - - -
mnesia2_test_lib:do_prepare failed on line 694
Reason: {test_case_fatal,"Cannot start appls ~p: ~p~n",[[...]|...],[...],...}
- - - - - - - - - - - - - - - - - - - - - - - - - -


----------------------------------------------------
2016-04-10 22:41:51.564
ending test case: silly_upgrade

Testing lrascao.mnesia2.mnesia2_extra_light_SUITE: *** FAILED *** test case 3 of 52

----------------------------------------------------
2016-04-10 22:41:51.643
ending test group: install


----------------------------------------------------
2016-04-10 22:41:51.668
starting test group: nice


----------------------------------------------------
2016-04-10 22:41:51.745
starting test case: nice


- - - - - - - - - - - - - - - - - - - - - - - - - -
mnesia2_test_lib:do_prepare failed on line 694
Reason: {test_case_fatal,"Cannot start appls ~p: ~p~n",[[...]|...],[...],...}
- - - - - - - - - - - - - - - - - - - - - - - - - -


----------------------------------------------------
2016-04-10 22:41:51.773
ending test case: nice

Testing lrascao.mnesia2.mnesia2_extra_light_SUITE: *** FAILED *** test case 4 of 52

----------------------------------------------------
2016-04-10 22:41:51.853
ending test group: nice


----------------------------------------------------
2016-04-10 22:41:51.879
starting test group: qlc


----------------------------------------------------
2016-04-10 22:41:51.983
starting test case: dirty_nice_ram_copies


- - - - - - - - - - - - - - - - - - - - - - - - - -
mnesia2_test_lib:do_prepare failed on line 694
Reason: {test_case_fatal,"Cannot start appls ~p: ~p~n",[[...]|...],[...],...}
- - - - - - - - - - - - - - - - - - - - - - - - - -


----------------------------------------------------
2016-04-10 22:41:52.010
ending test case: dirty_nice_ram_copies

Testing lrascao.mnesia2.mnesia2_extra_light_SUITE: *** FAILED *** test case 5 of 52

----------------------------------------------------
2016-04-10 22:41:52.036
starting test case: dirty_nice_disc_copies


- - - - - - - - - - - - - - - - - - - - - - - - - -
mnesia2_test_lib:do_prepare failed on line 694
Reason: {test_case_fatal,"Cannot start appls ~p: ~p~n",[[...]|...],[...],...}
- - - - - - - - - - - - - - - - - - - - - - - - - -


----------------------------------------------------
2016-04-10 22:41:52.061
ending test case: dirty_nice_disc_copies

Testing lrascao.mnesia2.mnesia2_extra_light_SUITE: *** FAILED *** test case 6 of 52

----------------------------------------------------
2016-04-10 22:41:52.088
starting test case: dirty_nice_disc_only_copies


- - - - - - - - - - - - - - - - - - - - - - - - - -
mnesia2_test_lib:do_prepare failed on line 694
Reason: {test_case_fatal,"Cannot start appls ~p: ~p~n",[[...]|...],[...],...}
- - - - - - - - - - - - - - - - - - - - - - - - - -


----------------------------------------------------
2016-04-10 22:41:52.253
ending test case: dirty_nice_disc_only_copies

Testing lrascao.mnesia2.mnesia2_extra_light_SUITE: *** FAILED *** test case 7 of 52

----------------------------------------------------
2016-04-10 22:41:52.331
starting test case: trans_nice_ram_copies


- - - - - - - - - - - - - - - - - - - - - - - - - -
mnesia2_test_lib:do_prepare failed on line 694
Reason: {test_case_fatal,"Cannot start appls ~p: ~p~n",[[...]|...],[...],...}
- - - - - - - - - - - - - - - - - - - - - - - - - -


----------------------------------------------------
2016-04-10 22:41:52.355
ending test case: trans_nice_ram_copies

Testing lrascao.mnesia2.mnesia2_extra_light_SUITE: *** FAILED *** test case 8 of 52

----------------------------------------------------
2016-04-10 22:41:52.382
starting test case: trans_nice_disc_copies


- - - - - - - - - - - - - - - - - - - - - - - - - -
mnesia2_test_lib:do_prepare failed on line 694
Reason: {test_case_fatal,"Cannot start appls ~p: ~p~n",[[...]|...],[...],...}
- - - - - - - - - - - - - - - - - - - - - - - - - -


----------------------------------------------------
2016-04-10 22:41:52.409
ending test case: trans_nice_disc_copies

Testing lrascao.mnesia2.mnesia2_extra_light_SUITE: *** FAILED *** test case 9 of 52

----------------------------------------------------
2016-04-10 22:41:52.436
starting test case: trans_nice_disc_only_copies


- - - - - - - - - - - - - - - - - - - - - - - - - -
mnesia2_test_lib:do_prepare failed on line 694
Reason: {test_case_fatal,"Cannot start appls ~p: ~p~n",[[...]|...],[...],...}
- - - - - - - - - - - - - - - - - - - - - - - - - -


----------------------------------------------------
2016-04-10 22:41:52.483
ending test case: trans_nice_disc_only_copies

Testing lrascao.mnesia2.mnesia2_extra_light_SUITE: *** FAILED *** test case 10 of 52

----------------------------------------------------
2016-04-10 22:41:52.535
starting test case: atomic_eval


- - - - - - - - - - - - - - - - - - - - - - - - - -
mnesia2_test_lib:do_prepare failed on line 694
Reason: {test_case_fatal,"Cannot start appls ~p: ~p~n",[[...]|...],[...],...}
- - - - - - - - - - - - - - - - - - - - - - - - - -


----------------------------------------------------
2016-04-10 22:41:52.578
ending test case: atomic_eval

Testing lrascao.mnesia2.mnesia2_extra_light_SUITE: *** FAILED *** test case 11 of 52

----------------------------------------------------
2016-04-10 22:41:52.655
starting test case: frag


- - - - - - - - - - - - - - - - - - - - - - - - - -
mnesia2_test_lib:do_prepare failed on line 694
Reason: {test_case_fatal,"Cannot start appls ~p: ~p~n",[[...]|...],[...],...}
- - - - - - - - - - - - - - - - - - - - - - - - - -


----------------------------------------------------
2016-04-10 22:41:52.681
ending test case: frag

Testing lrascao.mnesia2.mnesia2_extra_light_SUITE: *** FAILED *** test case 12 of 52

----------------------------------------------------
2016-04-10 22:41:52.708
starting test case: info


- - - - - - - - - - - - - - - - - - - - - - - - - -
mnesia2_test_lib:do_prepare failed on line 694
Reason: {test_case_fatal,"Cannot start appls ~p: ~p~n",[[...]|...],[...],...}
- - - - - - - - - - - - - - - - - - - - - - - - - -


----------------------------------------------------
2016-04-10 22:41:52.781
ending test case: info

Testing lrascao.mnesia2.mnesia2_extra_light_SUITE: *** FAILED *** test case 13 of 52

----------------------------------------------------
2016-04-10 22:41:52.821
starting test case: mnesia2_down


- - - - - - - - - - - - - - - - - - - - - - - - - -
mnesia2_test_lib:do_prepare failed on line 694
Reason: {test_case_fatal,"Cannot start appls ~p: ~p~n",[[...]|...],[...],...}
- - - - - - - - - - - - - - - - - - - - - - - - - -


----------------------------------------------------
2016-04-10 22:41:52.845
ending test case: mnesia2_down

Testing lrascao.mnesia2.mnesia2_extra_light_SUITE: *** FAILED *** test case 14 of 52

----------------------------------------------------
2016-04-10 22:41:52.925
ending test group: qlc


----------------------------------------------------
2016-04-10 22:41:52.950
starting test group: registry


----------------------------------------------------
2016-04-10 22:41:53.028
starting test case: good_dump


- - - - - - - - - - - - - - - - - - - - - - - - - -
mnesia2_test_lib:do_prepare failed on line 694
Reason: {test_case_fatal,"Cannot start appls ~p: ~p~n",[[...]|...],[...],...}
- - - - - - - - - - - - - - - - - - - - - - - - - -


----------------------------------------------------
2016-04-10 22:41:53.189
ending test case: good_dump

Testing lrascao.mnesia2.mnesia2_extra_light_SUITE: *** FAILED *** test case 15 of 52

----------------------------------------------------
2016-04-10 22:41:53.217
starting test case: bad_dump


- - - - - - - - - - - - - - - - - - - - - - - - - -
mnesia2_test_lib:do_prepare failed on line 694
Reason: {test_case_fatal,"Cannot start appls ~p: ~p~n",[[...]|...],[...],...}
- - - - - - - - - - - - - - - - - - - - - - - - - -


----------------------------------------------------
2016-04-10 22:41:53.255
ending test case: bad_dump

Testing lrascao.mnesia2.mnesia2_extra_light_SUITE: *** FAILED *** test case 16 of 52

----------------------------------------------------
2016-04-10 22:41:53.336
ending test group: registry


----------------------------------------------------
2016-04-10 22:41:53.361
starting test group: config


----------------------------------------------------
2016-04-10 22:41:53.441
starting test case: access_module


- - - - - - - - - - - - - - - - - - - - - - - - - -
mnesia2:wrap_trans failed on line 399
Reason: aborted
- - - - - - - - - - - - - - - - - - - - - - - - - -


----------------------------------------------------
2016-04-10 22:41:54.475
ending test case: access_module

Testing lrascao.mnesia2.mnesia2_extra_light_SUITE: *** FAILED *** test case 17 of 52

----------------------------------------------------
2016-04-10 22:41:54.501
starting test case: auto_repair


----------------------------------------------------
2016-04-10 22:41:56.542
ending test case: auto_repair

Testing lrascao.mnesia2.mnesia2_extra_light_SUITE: *** FAILED *** test case 18 of 52

----------------------------------------------------
2016-04-10 22:41:56.581
starting test case: backup_module


- - - - - - - - - - - - - - - - - - - - - - - - - -
mnesia2:abort failed on line 313
Reason: aborted
- - - - - - - - - - - - - - - - - - - - - - - - - -


----------------------------------------------------
2016-04-10 22:41:57.616
ending test case: backup_module

Testing lrascao.mnesia2.mnesia2_extra_light_SUITE: *** FAILED *** test case 19 of 52

----------------------------------------------------
2016-04-10 22:41:57.642
starting test case: debug


----------------------------------------------------
2016-04-10 22:42:07.743
ending test case: debug

Testing lrascao.mnesia2.mnesia2_extra_light_SUITE: *** FAILED *** test case 20 of 52

----------------------------------------------------
2016-04-10 22:42:07.769
starting test case: dir


----------------------------------------------------
2016-04-10 22:42:09.834
ending test case: dir

Testing lrascao.mnesia2.mnesia2_extra_light_SUITE: *** FAILED *** test case 21 of 52

----------------------------------------------------
2016-04-10 22:42:09.861
starting test case: dump_log_load_regulation


- - - - - - - - - - - - - - - - - - - - - - - - - -
mnesia2_test_lib:do_prepare failed on line 694
Reason: {test_case_fatal,"Cannot start appls ~p: ~p~n",[[...]|...],[...],...}
- - - - - - - - - - - - - - - - - - - - - - - - - -


----------------------------------------------------
2016-04-10 22:42:09.884
ending test case: dump_log_load_regulation

Testing lrascao.mnesia2.mnesia2_extra_light_SUITE: *** FAILED *** test case 22 of 52

----------------------------------------------------
2016-04-10 22:42:09.936
starting test case: dump_log_time_threshold


----------------------------------------------------
2016-04-10 22:42:17.988
ending test case: dump_log_time_threshold

Testing lrascao.mnesia2.mnesia2_extra_light_SUITE: *** FAILED *** test case 23 of 52

----------------------------------------------------
2016-04-10 22:42:18.030
starting test case: dump_log_write_threshold


----------------------------------------------------
2016-04-10 22:42:21.078
ending test case: dump_log_write_threshold

Testing lrascao.mnesia2.mnesia2_extra_light_SUITE: *** FAILED *** test case 24 of 52

----------------------------------------------------
2016-04-10 22:42:21.130
starting test case: dump_log_update_in_place


- - - - - - - - - - - - - - - - - - - - - - - - - -
mnesia2_test_lib:do_prepare failed on line 694
Reason: {test_case_fatal,"Cannot start appls ~p: ~p~n",[[...]|...],[...],...}
- - - - - - - - - - - - - - - - - - - - - - - - - -


----------------------------------------------------
2016-04-10 22:42:22.164
ending test case: dump_log_update_in_place

Testing lrascao.mnesia2.mnesia2_extra_light_SUITE: *** FAILED *** test case 25 of 52

----------------------------------------------------
2016-04-10 22:42:22.191
starting test case: event_module


- - - - - - - - - - - - - - - - - - - - - - - - - -
mnesia2_config_test:event_module failed on line 699
Reason: badarg
- - - - - - - - - - - - - - - - - - - - - - - - - -


----------------------------------------------------
2016-04-10 22:42:24.235
ending test case: event_module

Testing lrascao.mnesia2.mnesia2_extra_light_SUITE: *** FAILED *** test case 26 of 52

----------------------------------------------------
2016-04-10 22:42:24.282
starting test case: inconsistent_database


----------------------------------------------------
2016-04-10 22:42:26.372
ending test case: inconsistent_database

Testing lrascao.mnesia2.mnesia2_extra_light_SUITE: *** FAILED *** test case 27 of 52

----------------------------------------------------
2016-04-10 22:42:26.399
starting test case: max_wait_for_decision


----------------------------------------------------
2016-04-10 22:42:26.400
ending test case: max_wait_for_decision


----------------------------------------------------
2016-04-10 22:42:26.425
starting test case: send_compressed


- - - - - - - - - - - - - - - - - - - - - - - - - -
mnesia2_test_lib:do_prepare failed on line 694
Reason: {test_case_fatal,"Cannot start appls ~p: ~p~n",[[...]|...],[...],...}
- - - - - - - - - - - - - - - - - - - - - - - - - -


----------------------------------------------------
2016-04-10 22:42:26.467
ending test case: send_compressed

Testing lrascao.mnesia2.mnesia2_extra_light_SUITE: *** FAILED *** test case 29 of 52

----------------------------------------------------
2016-04-10 22:42:26.494
starting test case: app_test


----------------------------------------------------
2016-04-10 22:42:26.500
ending test case: app_test


----------------------------------------------------
2016-04-10 22:42:26.552
starting test case: start_one_disc_full_then_one_disc_less


----------------------------------------------------
2016-04-10 22:42:28.620
ending test case: start_one_disc_full_then_one_disc_less

Testing lrascao.mnesia2.mnesia2_extra_light_SUITE: *** FAILED *** test case 31 of 52

----------------------------------------------------
2016-04-10 22:42:28.662
starting test case: start_first_one_disc_less_then_one_disc_full


----------------------------------------------------
2016-04-10 22:42:32.742
ending test case: start_first_one_disc_less_then_one_disc_full

Testing lrascao.mnesia2.mnesia2_extra_light_SUITE: *** FAILED *** test case 32 of 52

----------------------------------------------------
2016-04-10 22:42:32.770
starting test case: start_first_one_disc_less_then_two_more_disc_less


----------------------------------------------------
2016-04-10 22:42:35.202
ending test case: start_first_one_disc_less_then_two_more_disc_less

Testing lrascao.mnesia2.mnesia2_extra_light_SUITE: *** FAILED *** test case 33 of 52

----------------------------------------------------
2016-04-10 22:42:35.230
starting test case: schema_location_and_extra_db_nodes_combinations


----------------------------------------------------
2016-04-10 22:42:37.282
ending test case: schema_location_and_extra_db_nodes_combinations

Testing lrascao.mnesia2.mnesia2_extra_light_SUITE: *** FAILED *** test case 34 of 52

----------------------------------------------------
2016-04-10 22:42:37.325
starting test case: table_load_to_disc_less_nodes


----------------------------------------------------
2016-04-10 22:42:39.393
ending test case: table_load_to_disc_less_nodes

Testing lrascao.mnesia2.mnesia2_extra_light_SUITE: *** FAILED *** test case 35 of 52

----------------------------------------------------
2016-04-10 22:42:39.419
starting test case: schema_merge


- - - - - - - - - - - - - - - - - - - - - - - - - -
mnesia2_test_lib:do_prepare failed on line 694
Reason: {test_case_fatal,"Cannot start appls ~p: ~p~n",[[...]|...],[...],...}
- - - - - - - - - - - - - - - - - - - - - - - - - -


----------------------------------------------------
2016-04-10 22:42:40.482
ending test case: schema_merge

Testing lrascao.mnesia2.mnesia2_extra_light_SUITE: *** FAILED *** test case 36 of 52

----------------------------------------------------
2016-04-10 22:42:40.535
starting test case: dynamic_basic


- - - - - - - - - - - - - - - - - - - - - - - - - -
mnesia2_test_lib:do_prepare failed on line 694
Reason: {test_case_fatal,"Cannot start appls ~p: ~p~n",[[...]|...],[...],...}
- - - - - - - - - - - - - - - - - - - - - - - - - -


----------------------------------------------------
2016-04-10 22:42:40.614
ending test case: dynamic_basic

Testing lrascao.mnesia2.mnesia2_extra_light_SUITE: *** FAILED *** test case 37 of 52

----------------------------------------------------
2016-04-10 22:42:40.642
starting test case: dynamic_ext


- - - - - - - - - - - - - - - - - - - - - - - - - -
mnesia2_test_lib:do_prepare failed on line 694
Reason: {test_case_fatal,"Cannot start appls ~p: ~p~n",[[...]|...],[...],...}
- - - - - - - - - - - - - - - - - - - - - - - - - -


----------------------------------------------------
2016-04-10 22:42:40.683
ending test case: dynamic_ext

Testing lrascao.mnesia2.mnesia2_extra_light_SUITE: *** FAILED *** test case 38 of 52

----------------------------------------------------
2016-04-10 22:42:40.710
starting test case: dynamic_bad


- - - - - - - - - - - - - - - - - - - - - - - - - -
mnesia2_test_lib:do_prepare failed on line 694
Reason: {test_case_fatal,"Cannot start appls ~p: ~p~n",[[...]|...],[...],...}
- - - - - - - - - - - - - - - - - - - - - - - - - -


----------------------------------------------------
2016-04-10 22:42:40.781
ending test case: dynamic_bad

Testing lrascao.mnesia2.mnesia2_extra_light_SUITE: *** FAILED *** test case 39 of 52

----------------------------------------------------
2016-04-10 22:42:40.860
starting test case: unknown_config


----------------------------------------------------
2016-04-10 22:42:42.905
ending test case: unknown_config


----------------------------------------------------
2016-04-10 22:42:43.002
ending test group: config


----------------------------------------------------
2016-04-10 22:42:43.028
starting test group: examples


----------------------------------------------------
2016-04-10 22:42:43.111
starting test case: bup


----------------------------------------------------
2016-04-10 22:42:43.137
ending test case: bup


- - - - - - - - - - - - - - - - - - - - - - - - - -
Error detected: error
- - - - - - - - - - - - - - - - - - - - - - - - - -

Testing lrascao.mnesia2.mnesia2_extra_light_SUITE: *** FAILED *** test case 41 of 52

----------------------------------------------------
2016-04-10 22:42:43.164
starting test case: company


----------------------------------------------------
2016-04-10 22:42:43.165
ending test case: company


----------------------------------------------------
2016-04-10 22:42:43.192
starting test case: meter


----------------------------------------------------
2016-04-10 22:42:43.228
ending test case: meter


- - - - - - - - - - - - - - - - - - - - - - - - - -
Error detected: error
- - - - - - - - - - - - - - - - - - - - - - - - - -

Testing lrascao.mnesia2.mnesia2_extra_light_SUITE: *** FAILED *** test case 43 of 52

----------------------------------------------------
2016-04-10 22:42:43.282
starting test case: replica_test


----------------------------------------------------
2016-04-10 22:42:43.351
ending test case: replica_test


- - - - - - - - - - - - - - - - - - - - - - - - - -
Error detected: 'EXIT'
- - - - - - - - - - - - - - - - - - - - - - - - - -

Testing lrascao.mnesia2.mnesia2_extra_light_SUITE: *** FAILED *** test case 44 of 52

----------------------------------------------------
2016-04-10 22:42:43.380
starting test case: sticky_replica_test


----------------------------------------------------
2016-04-10 22:42:43.447
ending test case: sticky_replica_test


- - - - - - - - - - - - - - - - - - - - - - - - - -
Error detected: 'EXIT'
- - - - - - - - - - - - - - - - - - - - - - - - - -

Testing lrascao.mnesia2.mnesia2_extra_light_SUITE: *** FAILED *** test case 45 of 52

----------------------------------------------------
2016-04-10 22:42:43.475
starting test case: dist_test


----------------------------------------------------
2016-04-10 22:42:43.544
ending test case: dist_test


- - - - - - - - - - - - - - - - - - - - - - - - - -
Error detected: 'EXIT'
- - - - - - - - - - - - - - - - - - - - - - - - - -

Testing lrascao.mnesia2.mnesia2_extra_light_SUITE: *** FAILED *** test case 46 of 52

----------------------------------------------------
2016-04-10 22:42:43.572
starting test case: conflict_test


----------------------------------------------------
2016-04-10 22:42:43.674
ending test case: conflict_test


- - - - - - - - - - - - - - - - - - - - - - - - - -
Error detected: 'EXIT'
- - - - - - - - - - - - - - - - - - - - - - - - - -

Testing lrascao.mnesia2.mnesia2_extra_light_SUITE: *** FAILED *** test case 47 of 52

----------------------------------------------------
2016-04-10 22:42:43.702
starting test case: frag_test


----------------------------------------------------
2016-04-10 22:42:43.749
ending test case: frag_test


- - - - - - - - - - - - - - - - - - - - - - - - - -
Error detected: 'EXIT'
- - - - - - - - - - - - - - - - - - - - - - - - - -

Testing lrascao.mnesia2.mnesia2_extra_light_SUITE: *** FAILED *** test case 48 of 52

----------------------------------------------------
2016-04-10 22:42:43.779
starting test case: frag2_test


----------------------------------------------------
2016-04-10 22:42:43.849
ending test case: frag2_test


- - - - - - - - - - - - - - - - - - - - - - - - - -
Error detected: 'EXIT'
- - - - - - - - - - - - - - - - - - - - - - - - - -

Testing lrascao.mnesia2.mnesia2_extra_light_SUITE: *** FAILED *** test case 49 of 52

----------------------------------------------------
2016-04-10 22:42:43.876
starting test case: remote_test


----------------------------------------------------
2016-04-10 22:42:43.973
ending test case: remote_test


- - - - - - - - - - - - - - - - - - - - - - - - - -
Error detected: 'EXIT'
- - - - - - - - - - - - - - - - - - - - - - - - - -

Testing lrascao.mnesia2.mnesia2_extra_light_SUITE: *** FAILED *** test case 50 of 52

----------------------------------------------------
2016-04-10 22:42:44.002
starting test case: remote_frag2_test


----------------------------------------------------
2016-04-10 22:42:44.184
ending test case: remote_frag2_test


- - - - - - - - - - - - - - - - - - - - - - - - - -
Error detected: 'EXIT'
- - - - - - - - - - - - - - - - - - - - - - - - - -

Testing lrascao.mnesia2.mnesia2_extra_light_SUITE: *** FAILED *** test case 51 of 52

----------------------------------------------------
2016-04-10 22:42:44.295
ending test group: examples


----------------------------------------------------
2016-04-10 22:42:44.321
ending test group: extra_light


----------------------------------------------------
2016-04-10 22:42:44.348
starting test case: clean_up_suite


----------------------------------------------------
2016-04-10 22:42:44.364
ending test case: clean_up_suite

Testing lrascao.mnesia2.mnesia2_extra_light_SUITE: TEST COMPLETE, 5 ok, 47 failed of 52 test cases

Cover analysing...
Updating /home/travis/build/lrascao/mnesia2/logs/index.html... done
Updating /home/travis/build/lrascao/mnesia2/logs/all_runs.html... done

