--- Test run on 2016/04/12 08:51:37 ---
Converting "/home/travis/build/lrascao/mnesia2/." to "/home/travis/build/lrascao/mnesia2" and re-inserting with add_patha/1


Common Test v1.7.2 starting (cwd is /home/travis/build/lrascao/mnesia2)


Common Test: Running make in test directories...
Recompile: mnesia2_extra_light_SUITE
Recompile: ts_install_cth
Recompile: mt
Recompile: mnesia2_trans_access_test
Recompile: mnesia2_tpcb
Recompile: mnesia2_test_lib
Recompile: mnesia2_schema_recovery_test
mnesia2_schema_recovery_test.erl:261: Warning: variable 'Bad' is unused
Recompile: mnesia2_registry_test
Recompile: mnesia2_recovery_test
mnesia2_recovery_test.erl:1571: Warning: variable 'Config' is unused
Recompile: mnesia2_qlc_test
Recompile: mnesia2_nice_coverage_test
Recompile: mnesia2_meter
Recompile: mnesia2_measure_test
Recompile: mnesia2_majority_test
Recompile: mnesia2_isolation_test
Recompile: mnesia2_install_test
Recompile: mnesia2_inconsistent_database_test
Recompile: mnesia2_frag_test
Recompile: mnesia2_frag_hash_test
Recompile: mnesia2_examples_test
Recompile: mnesia2_evil_coverage_test
Recompile: mnesia2_evil_backup
Recompile: mnesia2_durability_test
Recompile: mnesia2_dirty_access_test
Recompile: mnesia2_dbn_meters
Recompile: mnesia2_cost
Recompile: mnesia2_consistency_test
Recompile: mnesia2_config_test
Recompile: mnesia2_config_event
Recompile: mnesia2_config_backup
Recompile: mnesia2_atomicity_test

CWD set to: "/home/travis/build/lrascao/mnesia2/logs/ct_run.test8958@testing-worker-linux-docker-3f5e41c6-3372-linux-16.2016-04-12_08.51.37"

TEST INFO: 1 test(s), 52 case(s) in 1 suite(s)

Cover compiling 'mnesia2' (32 files) - this may take some time... done

Testing lrascao.mnesia2.mnesia2_extra_light_SUITE: Starting test, 52 test cases

----------------------------------------------------
2016-04-12 08:52:02.750
starting test group: extra_light


----------------------------------------------------
2016-04-12 08:52:02.778
starting test group: install


----------------------------------------------------
2016-04-12 08:52:02.869
starting test case: silly_durability


- - - - - - - - - - - - - - - - - - - - - - - - - -
mnesia2_test_lib:do_prepare failed on line 694
Reason: {test_case_fatal,"Cannot start appls ~p: ~p~n",[[...]|...],[...],...}
- - - - - - - - - - - - - - - - - - - - - - - - - -


----------------------------------------------------
2016-04-12 08:52:02.926
ending test case: silly_durability

Testing lrascao.mnesia2.mnesia2_extra_light_SUITE: *** FAILED *** test case 1 of 52

----------------------------------------------------
2016-04-12 08:52:02.963
starting test case: silly_move


- - - - - - - - - - - - - - - - - - - - - - - - - -
mnesia2_test_lib:do_prepare failed on line 694
Reason: {test_case_fatal,"Cannot start appls ~p: ~p~n",[[...]|...],[...],...}
- - - - - - - - - - - - - - - - - - - - - - - - - -


----------------------------------------------------
2016-04-12 08:52:03.538
ending test case: silly_move

Testing lrascao.mnesia2.mnesia2_extra_light_SUITE: *** FAILED *** test case 2 of 52

----------------------------------------------------
2016-04-12 08:52:03.569
starting test case: silly_upgrade


- - - - - - - - - - - - - - - - - - - - - - - - - -
mnesia2_test_lib:do_prepare failed on line 694
Reason: {test_case_fatal,"Cannot start appls ~p: ~p~n",[[...]|...],[...],...}
- - - - - - - - - - - - - - - - - - - - - - - - - -


----------------------------------------------------
2016-04-12 08:52:03.609
ending test case: silly_upgrade

Testing lrascao.mnesia2.mnesia2_extra_light_SUITE: *** FAILED *** test case 3 of 52

----------------------------------------------------
2016-04-12 08:52:03.690
ending test group: install


----------------------------------------------------
2016-04-12 08:52:03.715
starting test group: nice


----------------------------------------------------
2016-04-12 08:52:03.794
starting test case: nice


- - - - - - - - - - - - - - - - - - - - - - - - - -
mnesia2_test_lib:do_prepare failed on line 694
Reason: {test_case_fatal,"Cannot start appls ~p: ~p~n",[[...]|...],[...],...}
- - - - - - - - - - - - - - - - - - - - - - - - - -


----------------------------------------------------
2016-04-12 08:52:03.847
ending test case: nice

Testing lrascao.mnesia2.mnesia2_extra_light_SUITE: *** FAILED *** test case 4 of 52

----------------------------------------------------
2016-04-12 08:52:03.929
ending test group: nice


----------------------------------------------------
2016-04-12 08:52:03.954
starting test group: qlc


----------------------------------------------------
2016-04-12 08:52:04.069
starting test case: dirty_nice_ram_copies


- - - - - - - - - - - - - - - - - - - - - - - - - -
mnesia2_test_lib:do_prepare failed on line 694
Reason: {test_case_fatal,"Cannot start appls ~p: ~p~n",[[...]|...],[...],...}
- - - - - - - - - - - - - - - - - - - - - - - - - -


----------------------------------------------------
2016-04-12 08:52:04.120
ending test case: dirty_nice_ram_copies

Testing lrascao.mnesia2.mnesia2_extra_light_SUITE: *** FAILED *** test case 5 of 52

----------------------------------------------------
2016-04-12 08:52:04.147
starting test case: dirty_nice_disc_copies


- - - - - - - - - - - - - - - - - - - - - - - - - -
mnesia2_test_lib:do_prepare failed on line 694
Reason: {test_case_fatal,"Cannot start appls ~p: ~p~n",[[...]|...],[...],...}
- - - - - - - - - - - - - - - - - - - - - - - - - -


----------------------------------------------------
2016-04-12 08:52:04.173
ending test case: dirty_nice_disc_copies

Testing lrascao.mnesia2.mnesia2_extra_light_SUITE: *** FAILED *** test case 6 of 52

----------------------------------------------------
2016-04-12 08:52:04.200
starting test case: dirty_nice_disc_only_copies


- - - - - - - - - - - - - - - - - - - - - - - - - -
mnesia2_test_lib:do_prepare failed on line 694
Reason: {test_case_fatal,"Cannot start appls ~p: ~p~n",[[...]|...],[...],...}
- - - - - - - - - - - - - - - - - - - - - - - - - -


----------------------------------------------------
2016-04-12 08:52:04.249
ending test case: dirty_nice_disc_only_copies

Testing lrascao.mnesia2.mnesia2_extra_light_SUITE: *** FAILED *** test case 7 of 52

----------------------------------------------------
2016-04-12 08:52:04.327
starting test case: trans_nice_ram_copies


- - - - - - - - - - - - - - - - - - - - - - - - - -
mnesia2_test_lib:do_prepare failed on line 694
Reason: {test_case_fatal,"Cannot start appls ~p: ~p~n",[[...]|...],[...],...}
- - - - - - - - - - - - - - - - - - - - - - - - - -


----------------------------------------------------
2016-04-12 08:52:04.356
ending test case: trans_nice_ram_copies

Testing lrascao.mnesia2.mnesia2_extra_light_SUITE: *** FAILED *** test case 8 of 52

----------------------------------------------------
2016-04-12 08:52:04.386
starting test case: trans_nice_disc_copies


- - - - - - - - - - - - - - - - - - - - - - - - - -
mnesia2_test_lib:do_prepare failed on line 694
Reason: {test_case_fatal,"Cannot start appls ~p: ~p~n",[[...]|...],[...],...}
- - - - - - - - - - - - - - - - - - - - - - - - - -


----------------------------------------------------
2016-04-12 08:52:04.421
ending test case: trans_nice_disc_copies

Testing lrascao.mnesia2.mnesia2_extra_light_SUITE: *** FAILED *** test case 9 of 52

----------------------------------------------------
2016-04-12 08:52:04.448
starting test case: trans_nice_disc_only_copies


- - - - - - - - - - - - - - - - - - - - - - - - - -
mnesia2_test_lib:do_prepare failed on line 694
Reason: {test_case_fatal,"Cannot start appls ~p: ~p~n",[[...]|...],[...],...}
- - - - - - - - - - - - - - - - - - - - - - - - - -


----------------------------------------------------
2016-04-12 08:52:04.481
ending test case: trans_nice_disc_only_copies

Testing lrascao.mnesia2.mnesia2_extra_light_SUITE: *** FAILED *** test case 10 of 52

----------------------------------------------------
2016-04-12 08:52:04.533
starting test case: atomic_eval


- - - - - - - - - - - - - - - - - - - - - - - - - -
mnesia2_test_lib:do_prepare failed on line 694
Reason: {test_case_fatal,"Cannot start appls ~p: ~p~n",[[...]|...],[...],...}
- - - - - - - - - - - - - - - - - - - - - - - - - -


----------------------------------------------------
2016-04-12 08:52:04.617
ending test case: atomic_eval

Testing lrascao.mnesia2.mnesia2_extra_light_SUITE: *** FAILED *** test case 11 of 52

----------------------------------------------------
2016-04-12 08:52:04.696
starting test case: frag


- - - - - - - - - - - - - - - - - - - - - - - - - -
mnesia2_test_lib:do_prepare failed on line 694
Reason: {test_case_fatal,"Cannot start appls ~p: ~p~n",[[...]|...],[...],...}
- - - - - - - - - - - - - - - - - - - - - - - - - -


----------------------------------------------------
2016-04-12 08:52:04.737
ending test case: frag

Testing lrascao.mnesia2.mnesia2_extra_light_SUITE: *** FAILED *** test case 12 of 52

----------------------------------------------------
2016-04-12 08:52:04.763
starting test case: info


- - - - - - - - - - - - - - - - - - - - - - - - - -
mnesia2_test_lib:do_prepare failed on line 694
Reason: {test_case_fatal,"Cannot start appls ~p: ~p~n",[[...]|...],[...],...}
- - - - - - - - - - - - - - - - - - - - - - - - - -


----------------------------------------------------
2016-04-12 08:52:04.793
ending test case: info

Testing lrascao.mnesia2.mnesia2_extra_light_SUITE: *** FAILED *** test case 13 of 52

----------------------------------------------------
2016-04-12 08:52:04.820
starting test case: mnesia2_down


- - - - - - - - - - - - - - - - - - - - - - - - - -
mnesia2_test_lib:do_prepare failed on line 694
Reason: {test_case_fatal,"Cannot start appls ~p: ~p~n",[[...]|...],[...],...}
- - - - - - - - - - - - - - - - - - - - - - - - - -


----------------------------------------------------
2016-04-12 08:52:04.864
ending test case: mnesia2_down

Testing lrascao.mnesia2.mnesia2_extra_light_SUITE: *** FAILED *** test case 14 of 52

----------------------------------------------------
2016-04-12 08:52:04.948
ending test group: qlc


----------------------------------------------------
2016-04-12 08:52:04.974
starting test group: registry


----------------------------------------------------
2016-04-12 08:52:05.060
starting test case: good_dump


- - - - - - - - - - - - - - - - - - - - - - - - - -
mnesia2_test_lib:do_prepare failed on line 694
Reason: {test_case_fatal,"Cannot start appls ~p: ~p~n",[[...]|...],[...],...}
- - - - - - - - - - - - - - - - - - - - - - - - - -


----------------------------------------------------
2016-04-12 08:52:05.087
ending test case: good_dump

Testing lrascao.mnesia2.mnesia2_extra_light_SUITE: *** FAILED *** test case 15 of 52

----------------------------------------------------
2016-04-12 08:52:05.114
starting test case: bad_dump


- - - - - - - - - - - - - - - - - - - - - - - - - -
mnesia2_test_lib:do_prepare failed on line 694
Reason: {test_case_fatal,"Cannot start appls ~p: ~p~n",[[...]|...],[...],...}
- - - - - - - - - - - - - - - - - - - - - - - - - -


----------------------------------------------------
2016-04-12 08:52:05.157
ending test case: bad_dump

Testing lrascao.mnesia2.mnesia2_extra_light_SUITE: *** FAILED *** test case 16 of 52

----------------------------------------------------
2016-04-12 08:52:05.239
ending test group: registry


----------------------------------------------------
2016-04-12 08:52:05.265
starting test group: config


----------------------------------------------------
2016-04-12 08:52:05.366
starting test case: access_module


- - - - - - - - - - - - - - - - - - - - - - - - - -
mnesia2:wrap_trans failed on line 399
Reason: aborted
- - - - - - - - - - - - - - - - - - - - - - - - - -


----------------------------------------------------
2016-04-12 08:52:06.402
ending test case: access_module

Testing lrascao.mnesia2.mnesia2_extra_light_SUITE: *** FAILED *** test case 17 of 52

----------------------------------------------------
2016-04-12 08:52:06.430
starting test case: auto_repair


----------------------------------------------------
2016-04-12 08:52:08.490
ending test case: auto_repair

Testing lrascao.mnesia2.mnesia2_extra_light_SUITE: *** FAILED *** test case 18 of 52

----------------------------------------------------
2016-04-12 08:52:08.517
starting test case: backup_module


- - - - - - - - - - - - - - - - - - - - - - - - - -
mnesia2:abort failed on line 313
Reason: aborted
- - - - - - - - - - - - - - - - - - - - - - - - - -


----------------------------------------------------
2016-04-12 08:52:09.552
ending test case: backup_module

Testing lrascao.mnesia2.mnesia2_extra_light_SUITE: *** FAILED *** test case 19 of 52

----------------------------------------------------
2016-04-12 08:52:09.581
starting test case: debug


----------------------------------------------------
2016-04-12 08:52:19.683
ending test case: debug

Testing lrascao.mnesia2.mnesia2_extra_light_SUITE: *** FAILED *** test case 20 of 52

----------------------------------------------------
2016-04-12 08:52:19.710
starting test case: dir


----------------------------------------------------
2016-04-12 08:52:21.761
ending test case: dir

Testing lrascao.mnesia2.mnesia2_extra_light_SUITE: *** FAILED *** test case 21 of 52

----------------------------------------------------
2016-04-12 08:52:21.788
starting test case: dump_log_load_regulation


- - - - - - - - - - - - - - - - - - - - - - - - - -
mnesia2_test_lib:do_prepare failed on line 694
Reason: {test_case_fatal,"Cannot start appls ~p: ~p~n",[[...]|...],[...],...}
- - - - - - - - - - - - - - - - - - - - - - - - - -


----------------------------------------------------
2016-04-12 08:52:21.821
ending test case: dump_log_load_regulation

Testing lrascao.mnesia2.mnesia2_extra_light_SUITE: *** FAILED *** test case 22 of 52

----------------------------------------------------
2016-04-12 08:52:21.874
starting test case: dump_log_time_threshold


----------------------------------------------------
2016-04-12 08:52:29.957
ending test case: dump_log_time_threshold

Testing lrascao.mnesia2.mnesia2_extra_light_SUITE: *** FAILED *** test case 23 of 52

----------------------------------------------------
2016-04-12 08:52:29.984
starting test case: dump_log_write_threshold


----------------------------------------------------
2016-04-12 08:52:33.036
ending test case: dump_log_write_threshold

Testing lrascao.mnesia2.mnesia2_extra_light_SUITE: *** FAILED *** test case 24 of 52

----------------------------------------------------
2016-04-12 08:52:33.096
starting test case: dump_log_update_in_place


- - - - - - - - - - - - - - - - - - - - - - - - - -
mnesia2_test_lib:do_prepare failed on line 694
Reason: {test_case_fatal,"Cannot start appls ~p: ~p~n",[[...]|...],[...],...}
- - - - - - - - - - - - - - - - - - - - - - - - - -


----------------------------------------------------
2016-04-12 08:52:34.138
ending test case: dump_log_update_in_place

Testing lrascao.mnesia2.mnesia2_extra_light_SUITE: *** FAILED *** test case 25 of 52

----------------------------------------------------
2016-04-12 08:52:34.169
starting test case: event_module


- - - - - - - - - - - - - - - - - - - - - - - - - -
mnesia2_config_test:event_module failed on line 699
Reason: badarg
- - - - - - - - - - - - - - - - - - - - - - - - - -


----------------------------------------------------
2016-04-12 08:52:36.245
ending test case: event_module

Testing lrascao.mnesia2.mnesia2_extra_light_SUITE: *** FAILED *** test case 26 of 52

----------------------------------------------------
2016-04-12 08:52:36.272
starting test case: inconsistent_database


----------------------------------------------------
2016-04-12 08:52:38.772
ending test case: inconsistent_database

Testing lrascao.mnesia2.mnesia2_extra_light_SUITE: *** FAILED *** test case 27 of 52

----------------------------------------------------
2016-04-12 08:52:38.800
starting test case: max_wait_for_decision


----------------------------------------------------
2016-04-12 08:52:38.801
ending test case: max_wait_for_decision


----------------------------------------------------
2016-04-12 08:52:38.827
starting test case: send_compressed


- - - - - - - - - - - - - - - - - - - - - - - - - -
mnesia2_test_lib:do_prepare failed on line 694
Reason: {test_case_fatal,"Cannot start appls ~p: ~p~n",[[...]|...],[...],...}
- - - - - - - - - - - - - - - - - - - - - - - - - -


----------------------------------------------------
2016-04-12 08:52:38.854
ending test case: send_compressed

Testing lrascao.mnesia2.mnesia2_extra_light_SUITE: *** FAILED *** test case 29 of 52

----------------------------------------------------
2016-04-12 08:52:38.882
starting test case: app_test


----------------------------------------------------
2016-04-12 08:52:38.964
ending test case: app_test


----------------------------------------------------
2016-04-12 08:52:39.018
starting test case: start_one_disc_full_then_one_disc_less


----------------------------------------------------
2016-04-12 08:52:41.080
ending test case: start_one_disc_full_then_one_disc_less

Testing lrascao.mnesia2.mnesia2_extra_light_SUITE: *** FAILED *** test case 31 of 52

----------------------------------------------------
2016-04-12 08:52:41.123
starting test case: start_first_one_disc_less_then_one_disc_full


----------------------------------------------------
2016-04-12 08:52:45.225
ending test case: start_first_one_disc_less_then_one_disc_full

Testing lrascao.mnesia2.mnesia2_extra_light_SUITE: *** FAILED *** test case 32 of 52

----------------------------------------------------
2016-04-12 08:52:45.252
starting test case: start_first_one_disc_less_then_two_more_disc_less


----------------------------------------------------
2016-04-12 08:52:47.715
ending test case: start_first_one_disc_less_then_two_more_disc_less

Testing lrascao.mnesia2.mnesia2_extra_light_SUITE: *** FAILED *** test case 33 of 52

----------------------------------------------------
2016-04-12 08:52:47.747
starting test case: schema_location_and_extra_db_nodes_combinations


----------------------------------------------------
2016-04-12 08:52:49.833
ending test case: schema_location_and_extra_db_nodes_combinations

Testing lrascao.mnesia2.mnesia2_extra_light_SUITE: *** FAILED *** test case 34 of 52

----------------------------------------------------
2016-04-12 08:52:49.864
starting test case: table_load_to_disc_less_nodes


----------------------------------------------------
2016-04-12 08:52:51.920
ending test case: table_load_to_disc_less_nodes

Testing lrascao.mnesia2.mnesia2_extra_light_SUITE: *** FAILED *** test case 35 of 52

----------------------------------------------------
2016-04-12 08:52:51.950
starting test case: schema_merge


- - - - - - - - - - - - - - - - - - - - - - - - - -
mnesia2_test_lib:do_prepare failed on line 694
Reason: {test_case_fatal,"Cannot start appls ~p: ~p~n",[[...]|...],[...],...}
- - - - - - - - - - - - - - - - - - - - - - - - - -


----------------------------------------------------
2016-04-12 08:52:53.024
ending test case: schema_merge

Testing lrascao.mnesia2.mnesia2_extra_light_SUITE: *** FAILED *** test case 36 of 52

----------------------------------------------------
2016-04-12 08:52:53.083
starting test case: dynamic_basic


- - - - - - - - - - - - - - - - - - - - - - - - - -
mnesia2_test_lib:do_prepare failed on line 694
Reason: {test_case_fatal,"Cannot start appls ~p: ~p~n",[[...]|...],[...],...}
- - - - - - - - - - - - - - - - - - - - - - - - - -


----------------------------------------------------
2016-04-12 08:52:53.166
ending test case: dynamic_basic

Testing lrascao.mnesia2.mnesia2_extra_light_SUITE: *** FAILED *** test case 37 of 52

----------------------------------------------------
2016-04-12 08:52:53.196
starting test case: dynamic_ext


- - - - - - - - - - - - - - - - - - - - - - - - - -
mnesia2_test_lib:do_prepare failed on line 694
Reason: {test_case_fatal,"Cannot start appls ~p: ~p~n",[[...]|...],[...],...}
- - - - - - - - - - - - - - - - - - - - - - - - - -


----------------------------------------------------
2016-04-12 08:52:53.252
ending test case: dynamic_ext

Testing lrascao.mnesia2.mnesia2_extra_light_SUITE: *** FAILED *** test case 38 of 52

----------------------------------------------------
2016-04-12 08:52:53.282
starting test case: dynamic_bad


- - - - - - - - - - - - - - - - - - - - - - - - - -
mnesia2_test_lib:do_prepare failed on line 694
Reason: {test_case_fatal,"Cannot start appls ~p: ~p~n",[[...]|...],[...],...}
- - - - - - - - - - - - - - - - - - - - - - - - - -


----------------------------------------------------
2016-04-12 08:52:53.325
ending test case: dynamic_bad

Testing lrascao.mnesia2.mnesia2_extra_light_SUITE: *** FAILED *** test case 39 of 52

----------------------------------------------------
2016-04-12 08:52:53.412
starting test case: unknown_config


----------------------------------------------------
2016-04-12 08:52:55.460
ending test case: unknown_config


----------------------------------------------------
2016-04-12 08:52:55.556
ending test group: config


----------------------------------------------------
2016-04-12 08:52:55.582
starting test group: examples


----------------------------------------------------
2016-04-12 08:52:55.663
starting test case: bup


----------------------------------------------------
2016-04-12 08:52:55.703
ending test case: bup


- - - - - - - - - - - - - - - - - - - - - - - - - -
Error detected: error
- - - - - - - - - - - - - - - - - - - - - - - - - -

Testing lrascao.mnesia2.mnesia2_extra_light_SUITE: *** FAILED *** test case 41 of 52

----------------------------------------------------
2016-04-12 08:52:55.732
starting test case: company


----------------------------------------------------
2016-04-12 08:52:55.733
ending test case: company


----------------------------------------------------
2016-04-12 08:52:55.762
starting test case: meter


----------------------------------------------------
2016-04-12 08:52:56.417
ending test case: meter


- - - - - - - - - - - - - - - - - - - - - - - - - -
Error detected: error
- - - - - - - - - - - - - - - - - - - - - - - - - -

Testing lrascao.mnesia2.mnesia2_extra_light_SUITE: *** FAILED *** test case 43 of 52

----------------------------------------------------
2016-04-12 08:52:56.475
starting test case: replica_test


----------------------------------------------------
2016-04-12 08:52:56.541
ending test case: replica_test


- - - - - - - - - - - - - - - - - - - - - - - - - -
Error detected: 'EXIT'
- - - - - - - - - - - - - - - - - - - - - - - - - -

Testing lrascao.mnesia2.mnesia2_extra_light_SUITE: *** FAILED *** test case 44 of 52

----------------------------------------------------
2016-04-12 08:52:56.572
starting test case: sticky_replica_test


----------------------------------------------------
2016-04-12 08:52:56.631
ending test case: sticky_replica_test


- - - - - - - - - - - - - - - - - - - - - - - - - -
Error detected: 'EXIT'
- - - - - - - - - - - - - - - - - - - - - - - - - -

Testing lrascao.mnesia2.mnesia2_extra_light_SUITE: *** FAILED *** test case 45 of 52

----------------------------------------------------
2016-04-12 08:52:56.659
starting test case: dist_test


----------------------------------------------------
2016-04-12 08:52:56.723
ending test case: dist_test


- - - - - - - - - - - - - - - - - - - - - - - - - -
Error detected: 'EXIT'
- - - - - - - - - - - - - - - - - - - - - - - - - -

Testing lrascao.mnesia2.mnesia2_extra_light_SUITE: *** FAILED *** test case 46 of 52

----------------------------------------------------
2016-04-12 08:52:56.750
starting test case: conflict_test


----------------------------------------------------
2016-04-12 08:52:56.810
ending test case: conflict_test


- - - - - - - - - - - - - - - - - - - - - - - - - -
Error detected: 'EXIT'
- - - - - - - - - - - - - - - - - - - - - - - - - -

Testing lrascao.mnesia2.mnesia2_extra_light_SUITE: *** FAILED *** test case 47 of 52

----------------------------------------------------
2016-04-12 08:52:56.837
starting test case: frag_test


----------------------------------------------------
2016-04-12 08:52:56.913
ending test case: frag_test


- - - - - - - - - - - - - - - - - - - - - - - - - -
Error detected: 'EXIT'
- - - - - - - - - - - - - - - - - - - - - - - - - -

Testing lrascao.mnesia2.mnesia2_extra_light_SUITE: *** FAILED *** test case 48 of 52

----------------------------------------------------
2016-04-12 08:52:56.940
starting test case: frag2_test


----------------------------------------------------
2016-04-12 08:52:57.017
ending test case: frag2_test


- - - - - - - - - - - - - - - - - - - - - - - - - -
Error detected: 'EXIT'
- - - - - - - - - - - - - - - - - - - - - - - - - -

Testing lrascao.mnesia2.mnesia2_extra_light_SUITE: *** FAILED *** test case 49 of 52

----------------------------------------------------
2016-04-12 08:52:57.049
starting test case: remote_test


----------------------------------------------------
2016-04-12 08:52:57.117
ending test case: remote_test


- - - - - - - - - - - - - - - - - - - - - - - - - -
Error detected: 'EXIT'
- - - - - - - - - - - - - - - - - - - - - - - - - -

Testing lrascao.mnesia2.mnesia2_extra_light_SUITE: *** FAILED *** test case 50 of 52

----------------------------------------------------
2016-04-12 08:52:57.149
starting test case: remote_frag2_test


----------------------------------------------------
2016-04-12 08:52:57.229
ending test case: remote_frag2_test


- - - - - - - - - - - - - - - - - - - - - - - - - -
Error detected: 'EXIT'
- - - - - - - - - - - - - - - - - - - - - - - - - -

Testing lrascao.mnesia2.mnesia2_extra_light_SUITE: *** FAILED *** test case 51 of 52

----------------------------------------------------
2016-04-12 08:52:57.370
ending test group: examples


----------------------------------------------------
2016-04-12 08:52:57.399
ending test group: extra_light


----------------------------------------------------
2016-04-12 08:52:57.427
starting test case: clean_up_suite


----------------------------------------------------
2016-04-12 08:52:57.447
ending test case: clean_up_suite

Testing lrascao.mnesia2.mnesia2_extra_light_SUITE: TEST COMPLETE, 5 ok, 47 failed of 52 test cases

Cover analysing...
Updating /home/travis/build/lrascao/mnesia2/logs/index.html... done
Updating /home/travis/build/lrascao/mnesia2/logs/all_runs.html... done

