--- Test run on 2016/04/10 22:50:16 ---
Converting "/home/travis/build/lrascao/mnesia2/." to "/home/travis/build/lrascao/mnesia2" and re-inserting with add_patha/1


Common Test v1.7.2 starting (cwd is /home/travis/build/lrascao/mnesia2)


Common Test: Running make in test directories...
Recompile: mnesia2_extra_light_SUITE
Recompile: ts_install_cth
Recompile: mt
Recompile: mnesia2_trans_access_test
Recompile: mnesia2_tpcb
Recompile: mnesia2_test_lib
Recompile: mnesia2_schema_recovery_test
mnesia2_schema_recovery_test.erl:261: Warning: variable 'Bad' is unused
Recompile: mnesia2_registry_test
Recompile: mnesia2_recovery_test
mnesia2_recovery_test.erl:1571: Warning: variable 'Config' is unused
Recompile: mnesia2_qlc_test
Recompile: mnesia2_nice_coverage_test
Recompile: mnesia2_meter
Recompile: mnesia2_measure_test
Recompile: mnesia2_majority_test
Recompile: mnesia2_isolation_test
Recompile: mnesia2_install_test
Recompile: mnesia2_inconsistent_database_test
Recompile: mnesia2_frag_test
Recompile: mnesia2_frag_hash_test
Recompile: mnesia2_examples_test
Recompile: mnesia2_evil_coverage_test
Recompile: mnesia2_evil_backup
Recompile: mnesia2_durability_test
Recompile: mnesia2_dirty_access_test
Recompile: mnesia2_dbn_meters
Recompile: mnesia2_cost
Recompile: mnesia2_consistency_test
Recompile: mnesia2_config_test
Recompile: mnesia2_config_event
Recompile: mnesia2_config_backup
Recompile: mnesia2_atomicity_test

CWD set to: "/home/travis/build/lrascao/mnesia2/logs/ct_run.test2907@testing-worker-linux-docker-6a120f93-3374-linux-4.2016-04-10_22.50.17"

TEST INFO: 1 test(s), 52 case(s) in 1 suite(s)

Cover compiling 'mnesia2' (32 files) - this may take some time... done

Testing lrascao.mnesia2.mnesia2_extra_light_SUITE: Starting test, 52 test cases

----------------------------------------------------
2016-04-10 22:50:45.055
starting test group: extra_light


----------------------------------------------------
2016-04-10 22:50:45.083
starting test group: install


----------------------------------------------------
2016-04-10 22:50:45.175
starting test case: silly_durability


- - - - - - - - - - - - - - - - - - - - - - - - - -
mnesia2_test_lib:do_prepare failed on line 694
Reason: {test_case_fatal,"Cannot start appls ~p: ~p~n",[[...]|...],[...],...}
- - - - - - - - - - - - - - - - - - - - - - - - - -


----------------------------------------------------
2016-04-10 22:50:45.211
ending test case: silly_durability

Testing lrascao.mnesia2.mnesia2_extra_light_SUITE: *** FAILED *** test case 1 of 52

----------------------------------------------------
2016-04-10 22:50:45.240
starting test case: silly_move


- - - - - - - - - - - - - - - - - - - - - - - - - -
mnesia2_test_lib:do_prepare failed on line 694
Reason: {test_case_fatal,"Cannot start appls ~p: ~p~n",[[...]|...],[...],...}
- - - - - - - - - - - - - - - - - - - - - - - - - -


----------------------------------------------------
2016-04-10 22:50:45.639
ending test case: silly_move

Testing lrascao.mnesia2.mnesia2_extra_light_SUITE: *** FAILED *** test case 2 of 52

----------------------------------------------------
2016-04-10 22:50:45.666
starting test case: silly_upgrade


- - - - - - - - - - - - - - - - - - - - - - - - - -
mnesia2_test_lib:do_prepare failed on line 694
Reason: {test_case_fatal,"Cannot start appls ~p: ~p~n",[[...]|...],[...],...}
- - - - - - - - - - - - - - - - - - - - - - - - - -


----------------------------------------------------
2016-04-10 22:50:45.707
ending test case: silly_upgrade

Testing lrascao.mnesia2.mnesia2_extra_light_SUITE: *** FAILED *** test case 3 of 52

----------------------------------------------------
2016-04-10 22:50:45.787
ending test group: install


----------------------------------------------------
2016-04-10 22:50:45.812
starting test group: nice


----------------------------------------------------
2016-04-10 22:50:45.890
starting test case: nice


- - - - - - - - - - - - - - - - - - - - - - - - - -
mnesia2_test_lib:do_prepare failed on line 694
Reason: {test_case_fatal,"Cannot start appls ~p: ~p~n",[[...]|...],[...],...}
- - - - - - - - - - - - - - - - - - - - - - - - - -


----------------------------------------------------
2016-04-10 22:50:45.919
ending test case: nice

Testing lrascao.mnesia2.mnesia2_extra_light_SUITE: *** FAILED *** test case 4 of 52

----------------------------------------------------
2016-04-10 22:50:45.999
ending test group: nice


----------------------------------------------------
2016-04-10 22:50:46.024
starting test group: qlc


----------------------------------------------------
2016-04-10 22:50:46.127
starting test case: dirty_nice_ram_copies


- - - - - - - - - - - - - - - - - - - - - - - - - -
mnesia2_test_lib:do_prepare failed on line 694
Reason: {test_case_fatal,"Cannot start appls ~p: ~p~n",[[...]|...],[...],...}
- - - - - - - - - - - - - - - - - - - - - - - - - -


----------------------------------------------------
2016-04-10 22:50:46.152
ending test case: dirty_nice_ram_copies

Testing lrascao.mnesia2.mnesia2_extra_light_SUITE: *** FAILED *** test case 5 of 52

----------------------------------------------------
2016-04-10 22:50:46.194
starting test case: dirty_nice_disc_copies


- - - - - - - - - - - - - - - - - - - - - - - - - -
mnesia2_test_lib:do_prepare failed on line 694
Reason: {test_case_fatal,"Cannot start appls ~p: ~p~n",[[...]|...],[...],...}
- - - - - - - - - - - - - - - - - - - - - - - - - -


----------------------------------------------------
2016-04-10 22:50:46.229
ending test case: dirty_nice_disc_copies

Testing lrascao.mnesia2.mnesia2_extra_light_SUITE: *** FAILED *** test case 6 of 52

----------------------------------------------------
2016-04-10 22:50:46.255
starting test case: dirty_nice_disc_only_copies


- - - - - - - - - - - - - - - - - - - - - - - - - -
mnesia2_test_lib:do_prepare failed on line 694
Reason: {test_case_fatal,"Cannot start appls ~p: ~p~n",[[...]|...],[...],...}
- - - - - - - - - - - - - - - - - - - - - - - - - -


----------------------------------------------------
2016-04-10 22:50:46.281
ending test case: dirty_nice_disc_only_copies

Testing lrascao.mnesia2.mnesia2_extra_light_SUITE: *** FAILED *** test case 7 of 52

----------------------------------------------------
2016-04-10 22:50:46.358
starting test case: trans_nice_ram_copies


- - - - - - - - - - - - - - - - - - - - - - - - - -
mnesia2_test_lib:do_prepare failed on line 694
Reason: {test_case_fatal,"Cannot start appls ~p: ~p~n",[[...]|...],[...],...}
- - - - - - - - - - - - - - - - - - - - - - - - - -


----------------------------------------------------
2016-04-10 22:50:46.383
ending test case: trans_nice_ram_copies

Testing lrascao.mnesia2.mnesia2_extra_light_SUITE: *** FAILED *** test case 8 of 52

----------------------------------------------------
2016-04-10 22:50:46.410
starting test case: trans_nice_disc_copies


- - - - - - - - - - - - - - - - - - - - - - - - - -
mnesia2_test_lib:do_prepare failed on line 694
Reason: {test_case_fatal,"Cannot start appls ~p: ~p~n",[[...]|...],[...],...}
- - - - - - - - - - - - - - - - - - - - - - - - - -


----------------------------------------------------
2016-04-10 22:50:46.439
ending test case: trans_nice_disc_copies

Testing lrascao.mnesia2.mnesia2_extra_light_SUITE: *** FAILED *** test case 9 of 52

----------------------------------------------------
2016-04-10 22:50:46.465
starting test case: trans_nice_disc_only_copies


- - - - - - - - - - - - - - - - - - - - - - - - - -
mnesia2_test_lib:do_prepare failed on line 694
Reason: {test_case_fatal,"Cannot start appls ~p: ~p~n",[[...]|...],[...],...}
- - - - - - - - - - - - - - - - - - - - - - - - - -


----------------------------------------------------
2016-04-10 22:50:46.492
ending test case: trans_nice_disc_only_copies

Testing lrascao.mnesia2.mnesia2_extra_light_SUITE: *** FAILED *** test case 10 of 52

----------------------------------------------------
2016-04-10 22:50:46.543
starting test case: atomic_eval


- - - - - - - - - - - - - - - - - - - - - - - - - -
mnesia2_test_lib:do_prepare failed on line 694
Reason: {test_case_fatal,"Cannot start appls ~p: ~p~n",[[...]|...],[...],...}
- - - - - - - - - - - - - - - - - - - - - - - - - -


----------------------------------------------------
2016-04-10 22:50:46.568
ending test case: atomic_eval

Testing lrascao.mnesia2.mnesia2_extra_light_SUITE: *** FAILED *** test case 11 of 52

----------------------------------------------------
2016-04-10 22:50:46.645
starting test case: frag


- - - - - - - - - - - - - - - - - - - - - - - - - -
mnesia2_test_lib:do_prepare failed on line 694
Reason: {test_case_fatal,"Cannot start appls ~p: ~p~n",[[...]|...],[...],...}
- - - - - - - - - - - - - - - - - - - - - - - - - -


----------------------------------------------------
2016-04-10 22:50:46.687
ending test case: frag

Testing lrascao.mnesia2.mnesia2_extra_light_SUITE: *** FAILED *** test case 12 of 52

----------------------------------------------------
2016-04-10 22:50:46.714
starting test case: info


- - - - - - - - - - - - - - - - - - - - - - - - - -
mnesia2_test_lib:do_prepare failed on line 694
Reason: {test_case_fatal,"Cannot start appls ~p: ~p~n",[[...]|...],[...],...}
- - - - - - - - - - - - - - - - - - - - - - - - - -


----------------------------------------------------
2016-04-10 22:50:46.741
ending test case: info

Testing lrascao.mnesia2.mnesia2_extra_light_SUITE: *** FAILED *** test case 13 of 52

----------------------------------------------------
2016-04-10 22:50:46.768
starting test case: mnesia2_down


- - - - - - - - - - - - - - - - - - - - - - - - - -
mnesia2_test_lib:do_prepare failed on line 694
Reason: {test_case_fatal,"Cannot start appls ~p: ~p~n",[[...]|...],[...],...}
- - - - - - - - - - - - - - - - - - - - - - - - - -


----------------------------------------------------
2016-04-10 22:50:46.819
ending test case: mnesia2_down

Testing lrascao.mnesia2.mnesia2_extra_light_SUITE: *** FAILED *** test case 14 of 52

----------------------------------------------------
2016-04-10 22:50:46.901
ending test group: qlc


----------------------------------------------------
2016-04-10 22:50:46.926
starting test group: registry


----------------------------------------------------
2016-04-10 22:50:47.024
starting test case: good_dump


- - - - - - - - - - - - - - - - - - - - - - - - - -
mnesia2_test_lib:do_prepare failed on line 694
Reason: {test_case_fatal,"Cannot start appls ~p: ~p~n",[[...]|...],[...],...}
- - - - - - - - - - - - - - - - - - - - - - - - - -


----------------------------------------------------
2016-04-10 22:50:47.047
ending test case: good_dump

Testing lrascao.mnesia2.mnesia2_extra_light_SUITE: *** FAILED *** test case 15 of 52

----------------------------------------------------
2016-04-10 22:50:47.073
starting test case: bad_dump


- - - - - - - - - - - - - - - - - - - - - - - - - -
mnesia2_test_lib:do_prepare failed on line 694
Reason: {test_case_fatal,"Cannot start appls ~p: ~p~n",[[...]|...],[...],...}
- - - - - - - - - - - - - - - - - - - - - - - - - -


----------------------------------------------------
2016-04-10 22:50:47.093
ending test case: bad_dump

Testing lrascao.mnesia2.mnesia2_extra_light_SUITE: *** FAILED *** test case 16 of 52

----------------------------------------------------
2016-04-10 22:50:47.188
ending test group: registry


----------------------------------------------------
2016-04-10 22:50:47.214
starting test group: config


----------------------------------------------------
2016-04-10 22:50:47.295
starting test case: access_module


- - - - - - - - - - - - - - - - - - - - - - - - - -
mnesia2:wrap_trans failed on line 399
Reason: aborted
- - - - - - - - - - - - - - - - - - - - - - - - - -


----------------------------------------------------
2016-04-10 22:50:48.330
ending test case: access_module

Testing lrascao.mnesia2.mnesia2_extra_light_SUITE: *** FAILED *** test case 17 of 52

----------------------------------------------------
2016-04-10 22:50:48.357
starting test case: auto_repair


----------------------------------------------------
2016-04-10 22:50:50.400
ending test case: auto_repair

Testing lrascao.mnesia2.mnesia2_extra_light_SUITE: *** FAILED *** test case 18 of 52

----------------------------------------------------
2016-04-10 22:50:50.427
starting test case: backup_module


- - - - - - - - - - - - - - - - - - - - - - - - - -
mnesia2:abort failed on line 313
Reason: aborted
- - - - - - - - - - - - - - - - - - - - - - - - - -


----------------------------------------------------
2016-04-10 22:50:51.465
ending test case: backup_module

Testing lrascao.mnesia2.mnesia2_extra_light_SUITE: *** FAILED *** test case 19 of 52

----------------------------------------------------
2016-04-10 22:50:51.492
starting test case: debug


----------------------------------------------------
2016-04-10 22:51:01.581
ending test case: debug

Testing lrascao.mnesia2.mnesia2_extra_light_SUITE: *** FAILED *** test case 20 of 52

----------------------------------------------------
2016-04-10 22:51:01.609
starting test case: dir


----------------------------------------------------
2016-04-10 22:51:03.675
ending test case: dir

Testing lrascao.mnesia2.mnesia2_extra_light_SUITE: *** FAILED *** test case 21 of 52

----------------------------------------------------
2016-04-10 22:51:03.702
starting test case: dump_log_load_regulation


- - - - - - - - - - - - - - - - - - - - - - - - - -
mnesia2_test_lib:do_prepare failed on line 694
Reason: {test_case_fatal,"Cannot start appls ~p: ~p~n",[[...]|...],[...],...}
- - - - - - - - - - - - - - - - - - - - - - - - - -


----------------------------------------------------
2016-04-10 22:51:03.724
ending test case: dump_log_load_regulation

Testing lrascao.mnesia2.mnesia2_extra_light_SUITE: *** FAILED *** test case 22 of 52

----------------------------------------------------
2016-04-10 22:51:03.776
starting test case: dump_log_time_threshold


----------------------------------------------------
2016-04-10 22:51:11.868
ending test case: dump_log_time_threshold

Testing lrascao.mnesia2.mnesia2_extra_light_SUITE: *** FAILED *** test case 23 of 52

----------------------------------------------------
2016-04-10 22:51:11.896
starting test case: dump_log_write_threshold


----------------------------------------------------
2016-04-10 22:51:15.612
ending test case: dump_log_write_threshold

Testing lrascao.mnesia2.mnesia2_extra_light_SUITE: *** FAILED *** test case 24 of 52

----------------------------------------------------
2016-04-10 22:51:15.666
starting test case: dump_log_update_in_place


- - - - - - - - - - - - - - - - - - - - - - - - - -
mnesia2_test_lib:do_prepare failed on line 694
Reason: {test_case_fatal,"Cannot start appls ~p: ~p~n",[[...]|...],[...],...}
- - - - - - - - - - - - - - - - - - - - - - - - - -


----------------------------------------------------
2016-04-10 22:51:16.718
ending test case: dump_log_update_in_place

Testing lrascao.mnesia2.mnesia2_extra_light_SUITE: *** FAILED *** test case 25 of 52

----------------------------------------------------
2016-04-10 22:51:16.745
starting test case: event_module


- - - - - - - - - - - - - - - - - - - - - - - - - -
mnesia2_config_test:event_module failed on line 699
Reason: badarg
- - - - - - - - - - - - - - - - - - - - - - - - - -


----------------------------------------------------
2016-04-10 22:51:18.801
ending test case: event_module

Testing lrascao.mnesia2.mnesia2_extra_light_SUITE: *** FAILED *** test case 26 of 52

----------------------------------------------------
2016-04-10 22:51:18.830
starting test case: inconsistent_database


----------------------------------------------------
2016-04-10 22:51:20.929
ending test case: inconsistent_database

Testing lrascao.mnesia2.mnesia2_extra_light_SUITE: *** FAILED *** test case 27 of 52

----------------------------------------------------
2016-04-10 22:51:20.957
starting test case: max_wait_for_decision


----------------------------------------------------
2016-04-10 22:51:20.958
ending test case: max_wait_for_decision


----------------------------------------------------
2016-04-10 22:51:20.985
starting test case: send_compressed


- - - - - - - - - - - - - - - - - - - - - - - - - -
mnesia2_test_lib:do_prepare failed on line 694
Reason: {test_case_fatal,"Cannot start appls ~p: ~p~n",[[...]|...],[...],...}
- - - - - - - - - - - - - - - - - - - - - - - - - -


----------------------------------------------------
2016-04-10 22:51:21.013
ending test case: send_compressed

Testing lrascao.mnesia2.mnesia2_extra_light_SUITE: *** FAILED *** test case 29 of 52

----------------------------------------------------
2016-04-10 22:51:21.054
starting test case: app_test


----------------------------------------------------
2016-04-10 22:51:21.061
ending test case: app_test


----------------------------------------------------
2016-04-10 22:51:21.113
starting test case: start_one_disc_full_then_one_disc_less


----------------------------------------------------
2016-04-10 22:51:23.196
ending test case: start_one_disc_full_then_one_disc_less

Testing lrascao.mnesia2.mnesia2_extra_light_SUITE: *** FAILED *** test case 31 of 52

----------------------------------------------------
2016-04-10 22:51:23.224
starting test case: start_first_one_disc_less_then_one_disc_full


----------------------------------------------------
2016-04-10 22:51:27.326
ending test case: start_first_one_disc_less_then_one_disc_full

Testing lrascao.mnesia2.mnesia2_extra_light_SUITE: *** FAILED *** test case 32 of 52

----------------------------------------------------
2016-04-10 22:51:27.355
starting test case: start_first_one_disc_less_then_two_more_disc_less


----------------------------------------------------
2016-04-10 22:51:29.842
ending test case: start_first_one_disc_less_then_two_more_disc_less

Testing lrascao.mnesia2.mnesia2_extra_light_SUITE: *** FAILED *** test case 33 of 52

----------------------------------------------------
2016-04-10 22:51:29.871
starting test case: schema_location_and_extra_db_nodes_combinations


----------------------------------------------------
2016-04-10 22:51:31.937
ending test case: schema_location_and_extra_db_nodes_combinations

Testing lrascao.mnesia2.mnesia2_extra_light_SUITE: *** FAILED *** test case 34 of 52

----------------------------------------------------
2016-04-10 22:51:31.967
starting test case: table_load_to_disc_less_nodes


----------------------------------------------------
2016-04-10 22:51:34.014
ending test case: table_load_to_disc_less_nodes

Testing lrascao.mnesia2.mnesia2_extra_light_SUITE: *** FAILED *** test case 35 of 52

----------------------------------------------------
2016-04-10 22:51:34.056
starting test case: schema_merge


- - - - - - - - - - - - - - - - - - - - - - - - - -
mnesia2_test_lib:do_prepare failed on line 694
Reason: {test_case_fatal,"Cannot start appls ~p: ~p~n",[[...]|...],[...],...}
- - - - - - - - - - - - - - - - - - - - - - - - - -


----------------------------------------------------
2016-04-10 22:51:35.109
ending test case: schema_merge

Testing lrascao.mnesia2.mnesia2_extra_light_SUITE: *** FAILED *** test case 36 of 52

----------------------------------------------------
2016-04-10 22:51:35.163
starting test case: dynamic_basic


- - - - - - - - - - - - - - - - - - - - - - - - - -
mnesia2_test_lib:do_prepare failed on line 694
Reason: {test_case_fatal,"Cannot start appls ~p: ~p~n",[[...]|...],[...],...}
- - - - - - - - - - - - - - - - - - - - - - - - - -


----------------------------------------------------
2016-04-10 22:51:35.221
ending test case: dynamic_basic

Testing lrascao.mnesia2.mnesia2_extra_light_SUITE: *** FAILED *** test case 37 of 52

----------------------------------------------------
2016-04-10 22:51:35.262
starting test case: dynamic_ext


- - - - - - - - - - - - - - - - - - - - - - - - - -
mnesia2_test_lib:do_prepare failed on line 694
Reason: {test_case_fatal,"Cannot start appls ~p: ~p~n",[[...]|...],[...],...}
- - - - - - - - - - - - - - - - - - - - - - - - - -


----------------------------------------------------
2016-04-10 22:51:35.291
ending test case: dynamic_ext

Testing lrascao.mnesia2.mnesia2_extra_light_SUITE: *** FAILED *** test case 38 of 52

----------------------------------------------------
2016-04-10 22:51:35.320
starting test case: dynamic_bad


- - - - - - - - - - - - - - - - - - - - - - - - - -
mnesia2_test_lib:do_prepare failed on line 694
Reason: {test_case_fatal,"Cannot start appls ~p: ~p~n",[[...]|...],[...],...}
- - - - - - - - - - - - - - - - - - - - - - - - - -


----------------------------------------------------
2016-04-10 22:51:35.354
ending test case: dynamic_bad

Testing lrascao.mnesia2.mnesia2_extra_light_SUITE: *** FAILED *** test case 39 of 52

----------------------------------------------------
2016-04-10 22:51:35.432
starting test case: unknown_config


----------------------------------------------------
2016-04-10 22:51:37.477
ending test case: unknown_config


----------------------------------------------------
2016-04-10 22:51:37.563
ending test group: config


----------------------------------------------------
2016-04-10 22:51:37.589
starting test group: examples


----------------------------------------------------
2016-04-10 22:51:37.672
starting test case: bup


----------------------------------------------------
2016-04-10 22:51:37.698
ending test case: bup


- - - - - - - - - - - - - - - - - - - - - - - - - -
Error detected: error
- - - - - - - - - - - - - - - - - - - - - - - - - -

Testing lrascao.mnesia2.mnesia2_extra_light_SUITE: *** FAILED *** test case 41 of 52

----------------------------------------------------
2016-04-10 22:51:37.738
starting test case: company


----------------------------------------------------
2016-04-10 22:51:37.739
ending test case: company


----------------------------------------------------
2016-04-10 22:51:37.766
starting test case: meter


----------------------------------------------------
2016-04-10 22:51:37.803
ending test case: meter


- - - - - - - - - - - - - - - - - - - - - - - - - -
Error detected: error
- - - - - - - - - - - - - - - - - - - - - - - - - -

Testing lrascao.mnesia2.mnesia2_extra_light_SUITE: *** FAILED *** test case 43 of 52

----------------------------------------------------
2016-04-10 22:51:37.856
starting test case: replica_test


----------------------------------------------------
2016-04-10 22:51:37.928
ending test case: replica_test


- - - - - - - - - - - - - - - - - - - - - - - - - -
Error detected: 'EXIT'
- - - - - - - - - - - - - - - - - - - - - - - - - -

Testing lrascao.mnesia2.mnesia2_extra_light_SUITE: *** FAILED *** test case 44 of 52

----------------------------------------------------
2016-04-10 22:51:37.956
starting test case: sticky_replica_test


----------------------------------------------------
2016-04-10 22:51:38.040
ending test case: sticky_replica_test


- - - - - - - - - - - - - - - - - - - - - - - - - -
Error detected: 'EXIT'
- - - - - - - - - - - - - - - - - - - - - - - - - -

Testing lrascao.mnesia2.mnesia2_extra_light_SUITE: *** FAILED *** test case 45 of 52

----------------------------------------------------
2016-04-10 22:51:38.070
starting test case: dist_test


----------------------------------------------------
2016-04-10 22:51:40.132
ending test case: dist_test


- - - - - - - - - - - - - - - - - - - - - - - - - -
Error detected: 'EXIT'
- - - - - - - - - - - - - - - - - - - - - - - - - -

Testing lrascao.mnesia2.mnesia2_extra_light_SUITE: *** FAILED *** test case 46 of 52

----------------------------------------------------
2016-04-10 22:51:40.162
starting test case: conflict_test


----------------------------------------------------
2016-04-10 22:51:40.228
ending test case: conflict_test


- - - - - - - - - - - - - - - - - - - - - - - - - -
Error detected: 'EXIT'
- - - - - - - - - - - - - - - - - - - - - - - - - -

Testing lrascao.mnesia2.mnesia2_extra_light_SUITE: *** FAILED *** test case 47 of 52

----------------------------------------------------
2016-04-10 22:51:40.257
starting test case: frag_test


----------------------------------------------------
2016-04-10 22:51:40.325
ending test case: frag_test


- - - - - - - - - - - - - - - - - - - - - - - - - -
Error detected: 'EXIT'
- - - - - - - - - - - - - - - - - - - - - - - - - -

Testing lrascao.mnesia2.mnesia2_extra_light_SUITE: *** FAILED *** test case 48 of 52

----------------------------------------------------
2016-04-10 22:51:40.354
starting test case: frag2_test


----------------------------------------------------
2016-04-10 22:51:40.409
ending test case: frag2_test


- - - - - - - - - - - - - - - - - - - - - - - - - -
Error detected: 'EXIT'
- - - - - - - - - - - - - - - - - - - - - - - - - -

Testing lrascao.mnesia2.mnesia2_extra_light_SUITE: *** FAILED *** test case 49 of 52

----------------------------------------------------
2016-04-10 22:51:40.437
starting test case: remote_test


----------------------------------------------------
2016-04-10 22:51:40.509
ending test case: remote_test


- - - - - - - - - - - - - - - - - - - - - - - - - -
Error detected: 'EXIT'
- - - - - - - - - - - - - - - - - - - - - - - - - -

Testing lrascao.mnesia2.mnesia2_extra_light_SUITE: *** FAILED *** test case 50 of 52

----------------------------------------------------
2016-04-10 22:51:40.538
starting test case: remote_frag2_test


----------------------------------------------------
2016-04-10 22:51:40.601
ending test case: remote_frag2_test


- - - - - - - - - - - - - - - - - - - - - - - - - -
Error detected: 'EXIT'
- - - - - - - - - - - - - - - - - - - - - - - - - -

Testing lrascao.mnesia2.mnesia2_extra_light_SUITE: *** FAILED *** test case 51 of 52

----------------------------------------------------
2016-04-10 22:51:40.715
ending test group: examples


----------------------------------------------------
2016-04-10 22:51:40.741
ending test group: extra_light


----------------------------------------------------
2016-04-10 22:51:40.767
starting test case: clean_up_suite


----------------------------------------------------
2016-04-10 22:51:40.782
ending test case: clean_up_suite

Testing lrascao.mnesia2.mnesia2_extra_light_SUITE: TEST COMPLETE, 5 ok, 47 failed of 52 test cases

Cover analysing...
Updating /home/travis/build/lrascao/mnesia2/logs/index.html... done
Updating /home/travis/build/lrascao/mnesia2/logs/all_runs.html... done

