--- Test run on 2016/04/10 16:49:54 ---
Converting "/home/travis/build/lrascao/mnesia2/." to "/home/travis/build/lrascao/mnesia2" and re-inserting with add_patha/1


Common Test v1.7.2 starting (cwd is /home/travis/build/lrascao/mnesia2)


Common Test: Running make in test directories...
Recompile: mnesia2_extra_light_SUITE
Recompile: ts_install_cth
Recompile: mt
Recompile: mnesia2_trans_access_test
Recompile: mnesia2_tpcb
Recompile: mnesia2_test_lib
Recompile: mnesia2_schema_recovery_test
mnesia2_schema_recovery_test.erl:261: Warning: variable 'Bad' is unused
Recompile: mnesia2_registry_test
Recompile: mnesia2_recovery_test
mnesia2_recovery_test.erl:1571: Warning: variable 'Config' is unused
Recompile: mnesia2_qlc_test
Recompile: mnesia2_nice_coverage_test
Recompile: mnesia2_meter
Recompile: mnesia2_measure_test
Recompile: mnesia2_majority_test
Recompile: mnesia2_isolation_test
Recompile: mnesia2_install_test
Recompile: mnesia2_inconsistent_database_test
Recompile: mnesia2_frag_test
Recompile: mnesia2_frag_hash_test
Recompile: mnesia2_examples_test
Recompile: mnesia2_evil_coverage_test
Recompile: mnesia2_evil_backup
Recompile: mnesia2_durability_test
Recompile: mnesia2_dirty_access_test
Recompile: mnesia2_dbn_meters
Recompile: mnesia2_cost
Recompile: mnesia2_consistency_test
Recompile: mnesia2_config_test
Recompile: mnesia2_config_event
Recompile: mnesia2_config_backup
Recompile: mnesia2_atomicity_test

CWD set to: "/home/travis/build/lrascao/mnesia2/logs/ct_run.test5946@testing-worker-linux-docker-8c38c70b-3384-linux-10.2016-04-10_16.49.54"

TEST INFO: 1 test(s), 52 case(s) in 1 suite(s)

Cover compiling 'mnesia2' (32 files) - this may take some time... done

Testing lrascao.mnesia2.mnesia2_extra_light_SUITE: Starting test, 52 test cases

----------------------------------------------------
2016-04-10 16:50:21.373
starting test group: extra_light


----------------------------------------------------
2016-04-10 16:50:21.399
starting test group: install


----------------------------------------------------
2016-04-10 16:50:21.476
starting test case: silly_durability


- - - - - - - - - - - - - - - - - - - - - - - - - -
mnesia2_test_lib:do_prepare failed on line 694
Reason: {test_case_fatal,"Cannot start appls ~p: ~p~n",[[...]|...],[...],...}
- - - - - - - - - - - - - - - - - - - - - - - - - -


----------------------------------------------------
2016-04-10 16:50:21.547
ending test case: silly_durability

Testing lrascao.mnesia2.mnesia2_extra_light_SUITE: *** FAILED *** test case 1 of 52

----------------------------------------------------
2016-04-10 16:50:21.581
starting test case: silly_move


- - - - - - - - - - - - - - - - - - - - - - - - - -
mnesia2_test_lib:do_prepare failed on line 694
Reason: {test_case_fatal,"Cannot start appls ~p: ~p~n",[[...]|...],[...],...}
- - - - - - - - - - - - - - - - - - - - - - - - - -


----------------------------------------------------
2016-04-10 16:50:22.113
ending test case: silly_move

Testing lrascao.mnesia2.mnesia2_extra_light_SUITE: *** FAILED *** test case 2 of 52

----------------------------------------------------
2016-04-10 16:50:22.141
starting test case: silly_upgrade


- - - - - - - - - - - - - - - - - - - - - - - - - -
mnesia2_test_lib:do_prepare failed on line 694
Reason: {test_case_fatal,"Cannot start appls ~p: ~p~n",[[...]|...],[...],...}
- - - - - - - - - - - - - - - - - - - - - - - - - -


----------------------------------------------------
2016-04-10 16:50:22.169
ending test case: silly_upgrade

Testing lrascao.mnesia2.mnesia2_extra_light_SUITE: *** FAILED *** test case 3 of 52

----------------------------------------------------
2016-04-10 16:50:22.251
ending test group: install


----------------------------------------------------
2016-04-10 16:50:22.276
starting test group: nice


----------------------------------------------------
2016-04-10 16:50:22.354
starting test case: nice


- - - - - - - - - - - - - - - - - - - - - - - - - -
mnesia2_test_lib:do_prepare failed on line 694
Reason: {test_case_fatal,"Cannot start appls ~p: ~p~n",[[...]|...],[...],...}
- - - - - - - - - - - - - - - - - - - - - - - - - -


----------------------------------------------------
2016-04-10 16:50:22.384
ending test case: nice

Testing lrascao.mnesia2.mnesia2_extra_light_SUITE: *** FAILED *** test case 4 of 52

----------------------------------------------------
2016-04-10 16:50:22.473
ending test group: nice


----------------------------------------------------
2016-04-10 16:50:22.514
starting test group: qlc


----------------------------------------------------
2016-04-10 16:50:22.631
starting test case: dirty_nice_ram_copies


- - - - - - - - - - - - - - - - - - - - - - - - - -
mnesia2_test_lib:do_prepare failed on line 694
Reason: {test_case_fatal,"Cannot start appls ~p: ~p~n",[[...]|...],[...],...}
- - - - - - - - - - - - - - - - - - - - - - - - - -


----------------------------------------------------
2016-04-10 16:50:22.656
ending test case: dirty_nice_ram_copies

Testing lrascao.mnesia2.mnesia2_extra_light_SUITE: *** FAILED *** test case 5 of 52

----------------------------------------------------
2016-04-10 16:50:22.700
starting test case: dirty_nice_disc_copies


- - - - - - - - - - - - - - - - - - - - - - - - - -
mnesia2_test_lib:do_prepare failed on line 694
Reason: {test_case_fatal,"Cannot start appls ~p: ~p~n",[[...]|...],[...],...}
- - - - - - - - - - - - - - - - - - - - - - - - - -


----------------------------------------------------
2016-04-10 16:50:22.841
ending test case: dirty_nice_disc_copies

Testing lrascao.mnesia2.mnesia2_extra_light_SUITE: *** FAILED *** test case 6 of 52

----------------------------------------------------
2016-04-10 16:50:22.871
starting test case: dirty_nice_disc_only_copies


- - - - - - - - - - - - - - - - - - - - - - - - - -
mnesia2_test_lib:do_prepare failed on line 694
Reason: {test_case_fatal,"Cannot start appls ~p: ~p~n",[[...]|...],[...],...}
- - - - - - - - - - - - - - - - - - - - - - - - - -


----------------------------------------------------
2016-04-10 16:50:22.908
ending test case: dirty_nice_disc_only_copies

Testing lrascao.mnesia2.mnesia2_extra_light_SUITE: *** FAILED *** test case 7 of 52

----------------------------------------------------
2016-04-10 16:50:22.995
starting test case: trans_nice_ram_copies


- - - - - - - - - - - - - - - - - - - - - - - - - -
mnesia2_test_lib:do_prepare failed on line 694
Reason: {test_case_fatal,"Cannot start appls ~p: ~p~n",[[...]|...],[...],...}
- - - - - - - - - - - - - - - - - - - - - - - - - -


----------------------------------------------------
2016-04-10 16:50:23.026
ending test case: trans_nice_ram_copies

Testing lrascao.mnesia2.mnesia2_extra_light_SUITE: *** FAILED *** test case 8 of 52

----------------------------------------------------
2016-04-10 16:50:23.057
starting test case: trans_nice_disc_copies


- - - - - - - - - - - - - - - - - - - - - - - - - -
mnesia2_test_lib:do_prepare failed on line 694
Reason: {test_case_fatal,"Cannot start appls ~p: ~p~n",[[...]|...],[...],...}
- - - - - - - - - - - - - - - - - - - - - - - - - -


----------------------------------------------------
2016-04-10 16:50:23.109
ending test case: trans_nice_disc_copies

Testing lrascao.mnesia2.mnesia2_extra_light_SUITE: *** FAILED *** test case 9 of 52

----------------------------------------------------
2016-04-10 16:50:23.137
starting test case: trans_nice_disc_only_copies


- - - - - - - - - - - - - - - - - - - - - - - - - -
mnesia2_test_lib:do_prepare failed on line 694
Reason: {test_case_fatal,"Cannot start appls ~p: ~p~n",[[...]|...],[...],...}
- - - - - - - - - - - - - - - - - - - - - - - - - -


----------------------------------------------------
2016-04-10 16:50:23.178
ending test case: trans_nice_disc_only_copies

Testing lrascao.mnesia2.mnesia2_extra_light_SUITE: *** FAILED *** test case 10 of 52

----------------------------------------------------
2016-04-10 16:50:23.236
starting test case: atomic_eval


- - - - - - - - - - - - - - - - - - - - - - - - - -
mnesia2_test_lib:do_prepare failed on line 694
Reason: {test_case_fatal,"Cannot start appls ~p: ~p~n",[[...]|...],[...],...}
- - - - - - - - - - - - - - - - - - - - - - - - - -


----------------------------------------------------
2016-04-10 16:50:23.273
ending test case: atomic_eval

Testing lrascao.mnesia2.mnesia2_extra_light_SUITE: *** FAILED *** test case 11 of 52

----------------------------------------------------
2016-04-10 16:50:23.350
starting test case: frag


- - - - - - - - - - - - - - - - - - - - - - - - - -
mnesia2_test_lib:do_prepare failed on line 694
Reason: {test_case_fatal,"Cannot start appls ~p: ~p~n",[[...]|...],[...],...}
- - - - - - - - - - - - - - - - - - - - - - - - - -


----------------------------------------------------
2016-04-10 16:50:23.406
ending test case: frag

Testing lrascao.mnesia2.mnesia2_extra_light_SUITE: *** FAILED *** test case 12 of 52

----------------------------------------------------
2016-04-10 16:50:23.432
starting test case: info


- - - - - - - - - - - - - - - - - - - - - - - - - -
mnesia2_test_lib:do_prepare failed on line 694
Reason: {test_case_fatal,"Cannot start appls ~p: ~p~n",[[...]|...],[...],...}
- - - - - - - - - - - - - - - - - - - - - - - - - -


----------------------------------------------------
2016-04-10 16:50:23.485
ending test case: info

Testing lrascao.mnesia2.mnesia2_extra_light_SUITE: *** FAILED *** test case 13 of 52

----------------------------------------------------
2016-04-10 16:50:23.515
starting test case: mnesia2_down


- - - - - - - - - - - - - - - - - - - - - - - - - -
mnesia2_test_lib:do_prepare failed on line 694
Reason: {test_case_fatal,"Cannot start appls ~p: ~p~n",[[...]|...],[...],...}
- - - - - - - - - - - - - - - - - - - - - - - - - -


----------------------------------------------------
2016-04-10 16:50:23.544
ending test case: mnesia2_down

Testing lrascao.mnesia2.mnesia2_extra_light_SUITE: *** FAILED *** test case 14 of 52

----------------------------------------------------
2016-04-10 16:50:23.624
ending test group: qlc


----------------------------------------------------
2016-04-10 16:50:23.649
starting test group: registry


----------------------------------------------------
2016-04-10 16:50:23.731
starting test case: good_dump


- - - - - - - - - - - - - - - - - - - - - - - - - -
mnesia2_test_lib:do_prepare failed on line 694
Reason: {test_case_fatal,"Cannot start appls ~p: ~p~n",[[...]|...],[...],...}
- - - - - - - - - - - - - - - - - - - - - - - - - -


----------------------------------------------------
2016-04-10 16:50:25.583
ending test case: good_dump

Testing lrascao.mnesia2.mnesia2_extra_light_SUITE: *** FAILED *** test case 15 of 52

----------------------------------------------------
2016-04-10 16:50:25.610
starting test case: bad_dump


- - - - - - - - - - - - - - - - - - - - - - - - - -
mnesia2_test_lib:do_prepare failed on line 694
Reason: {test_case_fatal,"Cannot start appls ~p: ~p~n",[[...]|...],[...],...}
- - - - - - - - - - - - - - - - - - - - - - - - - -


----------------------------------------------------
2016-04-10 16:50:25.651
ending test case: bad_dump

Testing lrascao.mnesia2.mnesia2_extra_light_SUITE: *** FAILED *** test case 16 of 52

----------------------------------------------------
2016-04-10 16:50:25.732
ending test group: registry


----------------------------------------------------
2016-04-10 16:50:25.758
starting test group: config


----------------------------------------------------
2016-04-10 16:50:25.837
starting test case: access_module


- - - - - - - - - - - - - - - - - - - - - - - - - -
mnesia2:wrap_trans failed on line 399
Reason: aborted
- - - - - - - - - - - - - - - - - - - - - - - - - -


----------------------------------------------------
2016-04-10 16:50:26.902
ending test case: access_module

Testing lrascao.mnesia2.mnesia2_extra_light_SUITE: *** FAILED *** test case 17 of 52

----------------------------------------------------
2016-04-10 16:50:26.929
starting test case: auto_repair


----------------------------------------------------
2016-04-10 16:50:28.970
ending test case: auto_repair

Testing lrascao.mnesia2.mnesia2_extra_light_SUITE: *** FAILED *** test case 18 of 52

----------------------------------------------------
2016-04-10 16:50:29.012
starting test case: backup_module


- - - - - - - - - - - - - - - - - - - - - - - - - -
mnesia2:abort failed on line 313
Reason: aborted
- - - - - - - - - - - - - - - - - - - - - - - - - -


----------------------------------------------------
2016-04-10 16:50:30.048
ending test case: backup_module

Testing lrascao.mnesia2.mnesia2_extra_light_SUITE: *** FAILED *** test case 19 of 52

----------------------------------------------------
2016-04-10 16:50:30.075
starting test case: debug


----------------------------------------------------
2016-04-10 16:50:40.164
ending test case: debug

Testing lrascao.mnesia2.mnesia2_extra_light_SUITE: *** FAILED *** test case 20 of 52

----------------------------------------------------
2016-04-10 16:50:40.191
starting test case: dir


----------------------------------------------------
2016-04-10 16:50:42.243
ending test case: dir

Testing lrascao.mnesia2.mnesia2_extra_light_SUITE: *** FAILED *** test case 21 of 52

----------------------------------------------------
2016-04-10 16:50:42.269
starting test case: dump_log_load_regulation


- - - - - - - - - - - - - - - - - - - - - - - - - -
mnesia2_test_lib:do_prepare failed on line 694
Reason: {test_case_fatal,"Cannot start appls ~p: ~p~n",[[...]|...],[...],...}
- - - - - - - - - - - - - - - - - - - - - - - - - -


----------------------------------------------------
2016-04-10 16:50:44.110
ending test case: dump_log_load_regulation

Testing lrascao.mnesia2.mnesia2_extra_light_SUITE: *** FAILED *** test case 22 of 52

----------------------------------------------------
2016-04-10 16:50:44.169
starting test case: dump_log_time_threshold


----------------------------------------------------
2016-04-10 16:50:52.234
ending test case: dump_log_time_threshold

Testing lrascao.mnesia2.mnesia2_extra_light_SUITE: *** FAILED *** test case 23 of 52

----------------------------------------------------
2016-04-10 16:50:52.262
starting test case: dump_log_write_threshold


----------------------------------------------------
2016-04-10 16:50:55.314
ending test case: dump_log_write_threshold

Testing lrascao.mnesia2.mnesia2_extra_light_SUITE: *** FAILED *** test case 24 of 52

----------------------------------------------------
2016-04-10 16:50:55.371
starting test case: dump_log_update_in_place


- - - - - - - - - - - - - - - - - - - - - - - - - -
mnesia2_test_lib:do_prepare failed on line 694
Reason: {test_case_fatal,"Cannot start appls ~p: ~p~n",[[...]|...],[...],...}
- - - - - - - - - - - - - - - - - - - - - - - - - -


----------------------------------------------------
2016-04-10 16:50:56.409
ending test case: dump_log_update_in_place

Testing lrascao.mnesia2.mnesia2_extra_light_SUITE: *** FAILED *** test case 25 of 52

----------------------------------------------------
2016-04-10 16:50:56.449
starting test case: event_module


- - - - - - - - - - - - - - - - - - - - - - - - - -
mnesia2_config_test:event_module failed on line 699
Reason: badarg
- - - - - - - - - - - - - - - - - - - - - - - - - -


----------------------------------------------------
2016-04-10 16:50:58.493
ending test case: event_module

Testing lrascao.mnesia2.mnesia2_extra_light_SUITE: *** FAILED *** test case 26 of 52

----------------------------------------------------
2016-04-10 16:50:58.528
starting test case: inconsistent_database


----------------------------------------------------
2016-04-10 16:51:00.624
ending test case: inconsistent_database

Testing lrascao.mnesia2.mnesia2_extra_light_SUITE: *** FAILED *** test case 27 of 52

----------------------------------------------------
2016-04-10 16:51:00.653
starting test case: max_wait_for_decision


----------------------------------------------------
2016-04-10 16:51:00.654
ending test case: max_wait_for_decision


----------------------------------------------------
2016-04-10 16:51:00.682
starting test case: send_compressed


- - - - - - - - - - - - - - - - - - - - - - - - - -
mnesia2_test_lib:do_prepare failed on line 694
Reason: {test_case_fatal,"Cannot start appls ~p: ~p~n",[[...]|...],[...],...}
- - - - - - - - - - - - - - - - - - - - - - - - - -


----------------------------------------------------
2016-04-10 16:51:00.727
ending test case: send_compressed

Testing lrascao.mnesia2.mnesia2_extra_light_SUITE: *** FAILED *** test case 29 of 52

----------------------------------------------------
2016-04-10 16:51:00.754
starting test case: app_test


----------------------------------------------------
2016-04-10 16:51:00.760
ending test case: app_test


----------------------------------------------------
2016-04-10 16:51:00.812
starting test case: start_one_disc_full_then_one_disc_less


----------------------------------------------------
2016-04-10 16:51:02.868
ending test case: start_one_disc_full_then_one_disc_less

Testing lrascao.mnesia2.mnesia2_extra_light_SUITE: *** FAILED *** test case 31 of 52

----------------------------------------------------
2016-04-10 16:51:02.915
starting test case: start_first_one_disc_less_then_one_disc_full


----------------------------------------------------
2016-04-10 16:51:07.001
ending test case: start_first_one_disc_less_then_one_disc_full

Testing lrascao.mnesia2.mnesia2_extra_light_SUITE: *** FAILED *** test case 32 of 52

----------------------------------------------------
2016-04-10 16:51:07.029
starting test case: start_first_one_disc_less_then_two_more_disc_less


----------------------------------------------------
2016-04-10 16:51:09.459
ending test case: start_first_one_disc_less_then_two_more_disc_less

Testing lrascao.mnesia2.mnesia2_extra_light_SUITE: *** FAILED *** test case 33 of 52

----------------------------------------------------
2016-04-10 16:51:09.501
starting test case: schema_location_and_extra_db_nodes_combinations


----------------------------------------------------
2016-04-10 16:51:15.922
ending test case: schema_location_and_extra_db_nodes_combinations

Testing lrascao.mnesia2.mnesia2_extra_light_SUITE: *** FAILED *** test case 34 of 52

----------------------------------------------------
2016-04-10 16:51:15.949
starting test case: table_load_to_disc_less_nodes


----------------------------------------------------
2016-04-10 16:51:18.009
ending test case: table_load_to_disc_less_nodes

Testing lrascao.mnesia2.mnesia2_extra_light_SUITE: *** FAILED *** test case 35 of 52

----------------------------------------------------
2016-04-10 16:51:18.035
starting test case: schema_merge


- - - - - - - - - - - - - - - - - - - - - - - - - -
mnesia2_test_lib:do_prepare failed on line 694
Reason: {test_case_fatal,"Cannot start appls ~p: ~p~n",[[...]|...],[...],...}
- - - - - - - - - - - - - - - - - - - - - - - - - -


----------------------------------------------------
2016-04-10 16:51:19.109
ending test case: schema_merge

Testing lrascao.mnesia2.mnesia2_extra_light_SUITE: *** FAILED *** test case 36 of 52

----------------------------------------------------
2016-04-10 16:51:19.162
starting test case: dynamic_basic


- - - - - - - - - - - - - - - - - - - - - - - - - -
mnesia2_test_lib:do_prepare failed on line 694
Reason: {test_case_fatal,"Cannot start appls ~p: ~p~n",[[...]|...],[...],...}
- - - - - - - - - - - - - - - - - - - - - - - - - -


----------------------------------------------------
2016-04-10 16:51:19.249
ending test case: dynamic_basic

Testing lrascao.mnesia2.mnesia2_extra_light_SUITE: *** FAILED *** test case 37 of 52

----------------------------------------------------
2016-04-10 16:51:19.276
starting test case: dynamic_ext


- - - - - - - - - - - - - - - - - - - - - - - - - -
mnesia2_test_lib:do_prepare failed on line 694
Reason: {test_case_fatal,"Cannot start appls ~p: ~p~n",[[...]|...],[...],...}
- - - - - - - - - - - - - - - - - - - - - - - - - -


----------------------------------------------------
2016-04-10 16:51:19.334
ending test case: dynamic_ext

Testing lrascao.mnesia2.mnesia2_extra_light_SUITE: *** FAILED *** test case 38 of 52

----------------------------------------------------
2016-04-10 16:51:19.361
starting test case: dynamic_bad


- - - - - - - - - - - - - - - - - - - - - - - - - -
mnesia2_test_lib:do_prepare failed on line 694
Reason: {test_case_fatal,"Cannot start appls ~p: ~p~n",[[...]|...],[...],...}
- - - - - - - - - - - - - - - - - - - - - - - - - -


----------------------------------------------------
2016-04-10 16:51:19.430
ending test case: dynamic_bad

Testing lrascao.mnesia2.mnesia2_extra_light_SUITE: *** FAILED *** test case 39 of 52

----------------------------------------------------
2016-04-10 16:51:19.507
starting test case: unknown_config


----------------------------------------------------
2016-04-10 16:51:21.564
ending test case: unknown_config


----------------------------------------------------
2016-04-10 16:51:21.647
ending test group: config


----------------------------------------------------
2016-04-10 16:51:21.672
starting test group: examples


----------------------------------------------------
2016-04-10 16:51:21.752
starting test case: bup


----------------------------------------------------
2016-04-10 16:51:21.802
ending test case: bup


- - - - - - - - - - - - - - - - - - - - - - - - - -
Error detected: error
- - - - - - - - - - - - - - - - - - - - - - - - - -

Testing lrascao.mnesia2.mnesia2_extra_light_SUITE: *** FAILED *** test case 41 of 52

----------------------------------------------------
2016-04-10 16:51:21.828
starting test case: company


----------------------------------------------------
2016-04-10 16:51:21.830
ending test case: company


----------------------------------------------------
2016-04-10 16:51:21.856
starting test case: meter


----------------------------------------------------
2016-04-10 16:51:21.905
ending test case: meter


- - - - - - - - - - - - - - - - - - - - - - - - - -
Error detected: error
- - - - - - - - - - - - - - - - - - - - - - - - - -

Testing lrascao.mnesia2.mnesia2_extra_light_SUITE: *** FAILED *** test case 43 of 52

----------------------------------------------------
2016-04-10 16:51:21.956
starting test case: replica_test


----------------------------------------------------
2016-04-10 16:51:22.036
ending test case: replica_test


- - - - - - - - - - - - - - - - - - - - - - - - - -
Error detected: 'EXIT'
- - - - - - - - - - - - - - - - - - - - - - - - - -

Testing lrascao.mnesia2.mnesia2_extra_light_SUITE: *** FAILED *** test case 44 of 52

----------------------------------------------------
2016-04-10 16:51:22.063
starting test case: sticky_replica_test


----------------------------------------------------
2016-04-10 16:51:22.764
ending test case: sticky_replica_test


- - - - - - - - - - - - - - - - - - - - - - - - - -
Error detected: 'EXIT'
- - - - - - - - - - - - - - - - - - - - - - - - - -

Testing lrascao.mnesia2.mnesia2_extra_light_SUITE: *** FAILED *** test case 45 of 52

----------------------------------------------------
2016-04-10 16:51:22.791
starting test case: dist_test


----------------------------------------------------
2016-04-10 16:51:22.864
ending test case: dist_test


- - - - - - - - - - - - - - - - - - - - - - - - - -
Error detected: 'EXIT'
- - - - - - - - - - - - - - - - - - - - - - - - - -

Testing lrascao.mnesia2.mnesia2_extra_light_SUITE: *** FAILED *** test case 46 of 52

----------------------------------------------------
2016-04-10 16:51:22.892
starting test case: conflict_test


----------------------------------------------------
2016-04-10 16:51:22.969
ending test case: conflict_test


- - - - - - - - - - - - - - - - - - - - - - - - - -
Error detected: 'EXIT'
- - - - - - - - - - - - - - - - - - - - - - - - - -

Testing lrascao.mnesia2.mnesia2_extra_light_SUITE: *** FAILED *** test case 47 of 52

----------------------------------------------------
2016-04-10 16:51:22.999
starting test case: frag_test


----------------------------------------------------
2016-04-10 16:51:23.057
ending test case: frag_test


- - - - - - - - - - - - - - - - - - - - - - - - - -
Error detected: 'EXIT'
- - - - - - - - - - - - - - - - - - - - - - - - - -

Testing lrascao.mnesia2.mnesia2_extra_light_SUITE: *** FAILED *** test case 48 of 52

----------------------------------------------------
2016-04-10 16:51:23.086
starting test case: frag2_test


----------------------------------------------------
2016-04-10 16:51:23.164
ending test case: frag2_test


- - - - - - - - - - - - - - - - - - - - - - - - - -
Error detected: 'EXIT'
- - - - - - - - - - - - - - - - - - - - - - - - - -

Testing lrascao.mnesia2.mnesia2_extra_light_SUITE: *** FAILED *** test case 49 of 52

----------------------------------------------------
2016-04-10 16:51:23.194
starting test case: remote_test


----------------------------------------------------
2016-04-10 16:51:23.248
ending test case: remote_test


- - - - - - - - - - - - - - - - - - - - - - - - - -
Error detected: 'EXIT'
- - - - - - - - - - - - - - - - - - - - - - - - - -

Testing lrascao.mnesia2.mnesia2_extra_light_SUITE: *** FAILED *** test case 50 of 52

----------------------------------------------------
2016-04-10 16:51:23.281
starting test case: remote_frag2_test


----------------------------------------------------
2016-04-10 16:51:23.496
ending test case: remote_frag2_test


- - - - - - - - - - - - - - - - - - - - - - - - - -
Error detected: 'EXIT'
- - - - - - - - - - - - - - - - - - - - - - - - - -

Testing lrascao.mnesia2.mnesia2_extra_light_SUITE: *** FAILED *** test case 51 of 52

----------------------------------------------------
2016-04-10 16:51:23.623
ending test group: examples


----------------------------------------------------
2016-04-10 16:51:23.652
ending test group: extra_light


----------------------------------------------------
2016-04-10 16:51:23.680
starting test case: clean_up_suite


----------------------------------------------------
2016-04-10 16:51:23.698
ending test case: clean_up_suite

Testing lrascao.mnesia2.mnesia2_extra_light_SUITE: TEST COMPLETE, 5 ok, 47 failed of 52 test cases

Cover analysing...
Updating /home/travis/build/lrascao/mnesia2/logs/index.html... done
Updating /home/travis/build/lrascao/mnesia2/logs/all_runs.html... done

