--- Test run on 2016/04/10 22:39:15 ---
Converting "/home/travis/build/lrascao/mnesia2/." to "/home/travis/build/lrascao/mnesia2" and re-inserting with add_patha/1


Common Test v1.7.2 starting (cwd is /home/travis/build/lrascao/mnesia2)


Common Test: Running make in test directories...
Recompile: mnesia2_extra_light_SUITE
Recompile: ts_install_cth
Recompile: mt
Recompile: mnesia2_trans_access_test
Recompile: mnesia2_tpcb
Recompile: mnesia2_test_lib
Recompile: mnesia2_schema_recovery_test
mnesia2_schema_recovery_test.erl:261: Warning: variable 'Bad' is unused
Recompile: mnesia2_registry_test
Recompile: mnesia2_recovery_test
mnesia2_recovery_test.erl:1571: Warning: variable 'Config' is unused
Recompile: mnesia2_qlc_test
Recompile: mnesia2_nice_coverage_test
Recompile: mnesia2_meter
Recompile: mnesia2_measure_test
Recompile: mnesia2_majority_test
Recompile: mnesia2_isolation_test
Recompile: mnesia2_install_test
Recompile: mnesia2_inconsistent_database_test
Recompile: mnesia2_frag_test
Recompile: mnesia2_frag_hash_test
Recompile: mnesia2_examples_test
Recompile: mnesia2_evil_coverage_test
Recompile: mnesia2_evil_backup
Recompile: mnesia2_durability_test
Recompile: mnesia2_dirty_access_test
Recompile: mnesia2_dbn_meters
Recompile: mnesia2_cost
Recompile: mnesia2_consistency_test
Recompile: mnesia2_config_test
Recompile: mnesia2_config_event
Recompile: mnesia2_config_backup
Recompile: mnesia2_atomicity_test

CWD set to: "/home/travis/build/lrascao/mnesia2/logs/ct_run.test280@testing-worker-linux-docker-03d9c4fa-3371-linux-3.2016-04-10_22.39.15"

TEST INFO: 1 test(s), 52 case(s) in 1 suite(s)

Cover compiling 'mnesia2' (32 files) - this may take some time... done

Testing lrascao.mnesia2.mnesia2_extra_light_SUITE: Starting test, 52 test cases

----------------------------------------------------
2016-04-10 22:39:42.001
starting test group: extra_light


----------------------------------------------------
2016-04-10 22:39:42.041
starting test group: install


----------------------------------------------------
2016-04-10 22:39:42.120
starting test case: silly_durability


- - - - - - - - - - - - - - - - - - - - - - - - - -
mnesia2_test_lib:do_prepare failed on line 694
Reason: {test_case_fatal,"Cannot start appls ~p: ~p~n",[[...]|...],[...],...}
- - - - - - - - - - - - - - - - - - - - - - - - - -


----------------------------------------------------
2016-04-10 22:39:42.157
ending test case: silly_durability

Testing lrascao.mnesia2.mnesia2_extra_light_SUITE: *** FAILED *** test case 1 of 52

----------------------------------------------------
2016-04-10 22:39:42.188
starting test case: silly_move


- - - - - - - - - - - - - - - - - - - - - - - - - -
mnesia2_test_lib:do_prepare failed on line 694
Reason: {test_case_fatal,"Cannot start appls ~p: ~p~n",[[...]|...],[...],...}
- - - - - - - - - - - - - - - - - - - - - - - - - -


----------------------------------------------------
2016-04-10 22:39:42.594
ending test case: silly_move

Testing lrascao.mnesia2.mnesia2_extra_light_SUITE: *** FAILED *** test case 2 of 52

----------------------------------------------------
2016-04-10 22:39:42.621
starting test case: silly_upgrade


- - - - - - - - - - - - - - - - - - - - - - - - - -
mnesia2_test_lib:do_prepare failed on line 694
Reason: {test_case_fatal,"Cannot start appls ~p: ~p~n",[[...]|...],[...],...}
- - - - - - - - - - - - - - - - - - - - - - - - - -


----------------------------------------------------
2016-04-10 22:39:42.664
ending test case: silly_upgrade

Testing lrascao.mnesia2.mnesia2_extra_light_SUITE: *** FAILED *** test case 3 of 52

----------------------------------------------------
2016-04-10 22:39:42.745
ending test group: install


----------------------------------------------------
2016-04-10 22:39:42.772
starting test group: nice


----------------------------------------------------
2016-04-10 22:39:42.854
starting test case: nice


- - - - - - - - - - - - - - - - - - - - - - - - - -
mnesia2_test_lib:do_prepare failed on line 694
Reason: {test_case_fatal,"Cannot start appls ~p: ~p~n",[[...]|...],[...],...}
- - - - - - - - - - - - - - - - - - - - - - - - - -


----------------------------------------------------
2016-04-10 22:39:42.882
ending test case: nice

Testing lrascao.mnesia2.mnesia2_extra_light_SUITE: *** FAILED *** test case 4 of 52

----------------------------------------------------
2016-04-10 22:39:42.966
ending test group: nice


----------------------------------------------------
2016-04-10 22:39:42.992
starting test group: qlc


----------------------------------------------------
2016-04-10 22:39:43.099
starting test case: dirty_nice_ram_copies


- - - - - - - - - - - - - - - - - - - - - - - - - -
mnesia2_test_lib:do_prepare failed on line 694
Reason: {test_case_fatal,"Cannot start appls ~p: ~p~n",[[...]|...],[...],...}
- - - - - - - - - - - - - - - - - - - - - - - - - -


----------------------------------------------------
2016-04-10 22:39:43.125
ending test case: dirty_nice_ram_copies

Testing lrascao.mnesia2.mnesia2_extra_light_SUITE: *** FAILED *** test case 5 of 52

----------------------------------------------------
2016-04-10 22:39:43.154
starting test case: dirty_nice_disc_copies


- - - - - - - - - - - - - - - - - - - - - - - - - -
mnesia2_test_lib:do_prepare failed on line 694
Reason: {test_case_fatal,"Cannot start appls ~p: ~p~n",[[...]|...],[...],...}
- - - - - - - - - - - - - - - - - - - - - - - - - -


----------------------------------------------------
2016-04-10 22:39:43.187
ending test case: dirty_nice_disc_copies

Testing lrascao.mnesia2.mnesia2_extra_light_SUITE: *** FAILED *** test case 6 of 52

----------------------------------------------------
2016-04-10 22:39:43.230
starting test case: dirty_nice_disc_only_copies


- - - - - - - - - - - - - - - - - - - - - - - - - -
mnesia2_test_lib:do_prepare failed on line 694
Reason: {test_case_fatal,"Cannot start appls ~p: ~p~n",[[...]|...],[...],...}
- - - - - - - - - - - - - - - - - - - - - - - - - -


----------------------------------------------------
2016-04-10 22:39:43.271
ending test case: dirty_nice_disc_only_copies

Testing lrascao.mnesia2.mnesia2_extra_light_SUITE: *** FAILED *** test case 7 of 52

----------------------------------------------------
2016-04-10 22:39:43.351
starting test case: trans_nice_ram_copies


- - - - - - - - - - - - - - - - - - - - - - - - - -
mnesia2_test_lib:do_prepare failed on line 694
Reason: {test_case_fatal,"Cannot start appls ~p: ~p~n",[[...]|...],[...],...}
- - - - - - - - - - - - - - - - - - - - - - - - - -


----------------------------------------------------
2016-04-10 22:39:43.387
ending test case: trans_nice_ram_copies

Testing lrascao.mnesia2.mnesia2_extra_light_SUITE: *** FAILED *** test case 8 of 52

----------------------------------------------------
2016-04-10 22:39:43.415
starting test case: trans_nice_disc_copies


- - - - - - - - - - - - - - - - - - - - - - - - - -
mnesia2_test_lib:do_prepare failed on line 694
Reason: {test_case_fatal,"Cannot start appls ~p: ~p~n",[[...]|...],[...],...}
- - - - - - - - - - - - - - - - - - - - - - - - - -


----------------------------------------------------
2016-04-10 22:39:43.455
ending test case: trans_nice_disc_copies

Testing lrascao.mnesia2.mnesia2_extra_light_SUITE: *** FAILED *** test case 9 of 52

----------------------------------------------------
2016-04-10 22:39:43.482
starting test case: trans_nice_disc_only_copies


- - - - - - - - - - - - - - - - - - - - - - - - - -
mnesia2_test_lib:do_prepare failed on line 694
Reason: {test_case_fatal,"Cannot start appls ~p: ~p~n",[[...]|...],[...],...}
- - - - - - - - - - - - - - - - - - - - - - - - - -


----------------------------------------------------
2016-04-10 22:39:43.523
ending test case: trans_nice_disc_only_copies

Testing lrascao.mnesia2.mnesia2_extra_light_SUITE: *** FAILED *** test case 10 of 52

----------------------------------------------------
2016-04-10 22:39:43.577
starting test case: atomic_eval


- - - - - - - - - - - - - - - - - - - - - - - - - -
mnesia2_test_lib:do_prepare failed on line 694
Reason: {test_case_fatal,"Cannot start appls ~p: ~p~n",[[...]|...],[...],...}
- - - - - - - - - - - - - - - - - - - - - - - - - -


----------------------------------------------------
2016-04-10 22:39:43.603
ending test case: atomic_eval

Testing lrascao.mnesia2.mnesia2_extra_light_SUITE: *** FAILED *** test case 11 of 52

----------------------------------------------------
2016-04-10 22:39:43.695
starting test case: frag


- - - - - - - - - - - - - - - - - - - - - - - - - -
mnesia2_test_lib:do_prepare failed on line 694
Reason: {test_case_fatal,"Cannot start appls ~p: ~p~n",[[...]|...],[...],...}
- - - - - - - - - - - - - - - - - - - - - - - - - -


----------------------------------------------------
2016-04-10 22:39:43.723
ending test case: frag

Testing lrascao.mnesia2.mnesia2_extra_light_SUITE: *** FAILED *** test case 12 of 52

----------------------------------------------------
2016-04-10 22:39:43.750
starting test case: info


- - - - - - - - - - - - - - - - - - - - - - - - - -
mnesia2_test_lib:do_prepare failed on line 694
Reason: {test_case_fatal,"Cannot start appls ~p: ~p~n",[[...]|...],[...],...}
- - - - - - - - - - - - - - - - - - - - - - - - - -


----------------------------------------------------
2016-04-10 22:39:43.788
ending test case: info

Testing lrascao.mnesia2.mnesia2_extra_light_SUITE: *** FAILED *** test case 13 of 52

----------------------------------------------------
2016-04-10 22:39:43.815
starting test case: mnesia2_down


- - - - - - - - - - - - - - - - - - - - - - - - - -
mnesia2_test_lib:do_prepare failed on line 694
Reason: {test_case_fatal,"Cannot start appls ~p: ~p~n",[[...]|...],[...],...}
- - - - - - - - - - - - - - - - - - - - - - - - - -


----------------------------------------------------
2016-04-10 22:39:43.842
ending test case: mnesia2_down

Testing lrascao.mnesia2.mnesia2_extra_light_SUITE: *** FAILED *** test case 14 of 52

----------------------------------------------------
2016-04-10 22:39:43.926
ending test group: qlc


----------------------------------------------------
2016-04-10 22:39:43.952
starting test group: registry


----------------------------------------------------
2016-04-10 22:39:44.038
starting test case: good_dump


- - - - - - - - - - - - - - - - - - - - - - - - - -
mnesia2_test_lib:do_prepare failed on line 694
Reason: {test_case_fatal,"Cannot start appls ~p: ~p~n",[[...]|...],[...],...}
- - - - - - - - - - - - - - - - - - - - - - - - - -


----------------------------------------------------
2016-04-10 22:39:44.075
ending test case: good_dump

Testing lrascao.mnesia2.mnesia2_extra_light_SUITE: *** FAILED *** test case 15 of 52

----------------------------------------------------
2016-04-10 22:39:44.102
starting test case: bad_dump


- - - - - - - - - - - - - - - - - - - - - - - - - -
mnesia2_test_lib:do_prepare failed on line 694
Reason: {test_case_fatal,"Cannot start appls ~p: ~p~n",[[...]|...],[...],...}
- - - - - - - - - - - - - - - - - - - - - - - - - -


----------------------------------------------------
2016-04-10 22:39:44.124
ending test case: bad_dump

Testing lrascao.mnesia2.mnesia2_extra_light_SUITE: *** FAILED *** test case 16 of 52

----------------------------------------------------
2016-04-10 22:39:44.210
ending test group: registry


----------------------------------------------------
2016-04-10 22:39:44.236
starting test group: config


----------------------------------------------------
2016-04-10 22:39:44.323
starting test case: access_module


- - - - - - - - - - - - - - - - - - - - - - - - - -
mnesia2:wrap_trans failed on line 399
Reason: aborted
- - - - - - - - - - - - - - - - - - - - - - - - - -


----------------------------------------------------
2016-04-10 22:39:45.502
ending test case: access_module

Testing lrascao.mnesia2.mnesia2_extra_light_SUITE: *** FAILED *** test case 17 of 52

----------------------------------------------------
2016-04-10 22:39:45.529
starting test case: auto_repair


----------------------------------------------------
2016-04-10 22:39:47.571
ending test case: auto_repair

Testing lrascao.mnesia2.mnesia2_extra_light_SUITE: *** FAILED *** test case 18 of 52

----------------------------------------------------
2016-04-10 22:39:47.600
starting test case: backup_module


- - - - - - - - - - - - - - - - - - - - - - - - - -
mnesia2:abort failed on line 313
Reason: aborted
- - - - - - - - - - - - - - - - - - - - - - - - - -


----------------------------------------------------
2016-04-10 22:39:48.636
ending test case: backup_module

Testing lrascao.mnesia2.mnesia2_extra_light_SUITE: *** FAILED *** test case 19 of 52

----------------------------------------------------
2016-04-10 22:39:48.664
starting test case: debug


----------------------------------------------------
2016-04-10 22:39:58.767
ending test case: debug

Testing lrascao.mnesia2.mnesia2_extra_light_SUITE: *** FAILED *** test case 20 of 52

----------------------------------------------------
2016-04-10 22:39:58.806
starting test case: dir


----------------------------------------------------
2016-04-10 22:40:00.858
ending test case: dir

Testing lrascao.mnesia2.mnesia2_extra_light_SUITE: *** FAILED *** test case 21 of 52

----------------------------------------------------
2016-04-10 22:40:00.885
starting test case: dump_log_load_regulation


- - - - - - - - - - - - - - - - - - - - - - - - - -
mnesia2_test_lib:do_prepare failed on line 694
Reason: {test_case_fatal,"Cannot start appls ~p: ~p~n",[[...]|...],[...],...}
- - - - - - - - - - - - - - - - - - - - - - - - - -


----------------------------------------------------
2016-04-10 22:40:00.922
ending test case: dump_log_load_regulation

Testing lrascao.mnesia2.mnesia2_extra_light_SUITE: *** FAILED *** test case 22 of 52

----------------------------------------------------
2016-04-10 22:40:00.975
starting test case: dump_log_time_threshold


----------------------------------------------------
2016-04-10 22:40:09.055
ending test case: dump_log_time_threshold

Testing lrascao.mnesia2.mnesia2_extra_light_SUITE: *** FAILED *** test case 23 of 52

----------------------------------------------------
2016-04-10 22:40:09.082
starting test case: dump_log_write_threshold


----------------------------------------------------
2016-04-10 22:40:12.133
ending test case: dump_log_write_threshold

Testing lrascao.mnesia2.mnesia2_extra_light_SUITE: *** FAILED *** test case 24 of 52

----------------------------------------------------
2016-04-10 22:40:12.186
starting test case: dump_log_update_in_place


- - - - - - - - - - - - - - - - - - - - - - - - - -
mnesia2_test_lib:do_prepare failed on line 694
Reason: {test_case_fatal,"Cannot start appls ~p: ~p~n",[[...]|...],[...],...}
- - - - - - - - - - - - - - - - - - - - - - - - - -


----------------------------------------------------
2016-04-10 22:40:13.223
ending test case: dump_log_update_in_place

Testing lrascao.mnesia2.mnesia2_extra_light_SUITE: *** FAILED *** test case 25 of 52

----------------------------------------------------
2016-04-10 22:40:13.251
starting test case: event_module


- - - - - - - - - - - - - - - - - - - - - - - - - -
mnesia2_config_test:event_module failed on line 699
Reason: badarg
- - - - - - - - - - - - - - - - - - - - - - - - - -


----------------------------------------------------
2016-04-10 22:40:15.306
ending test case: event_module

Testing lrascao.mnesia2.mnesia2_extra_light_SUITE: *** FAILED *** test case 26 of 52

----------------------------------------------------
2016-04-10 22:40:15.333
starting test case: inconsistent_database


----------------------------------------------------
2016-04-10 22:40:17.452
ending test case: inconsistent_database

Testing lrascao.mnesia2.mnesia2_extra_light_SUITE: *** FAILED *** test case 27 of 52

----------------------------------------------------
2016-04-10 22:40:17.497
starting test case: max_wait_for_decision


----------------------------------------------------
2016-04-10 22:40:17.498
ending test case: max_wait_for_decision


----------------------------------------------------
2016-04-10 22:40:17.527
starting test case: send_compressed


- - - - - - - - - - - - - - - - - - - - - - - - - -
mnesia2_test_lib:do_prepare failed on line 694
Reason: {test_case_fatal,"Cannot start appls ~p: ~p~n",[[...]|...],[...],...}
- - - - - - - - - - - - - - - - - - - - - - - - - -


----------------------------------------------------
2016-04-10 22:40:17.558
ending test case: send_compressed

Testing lrascao.mnesia2.mnesia2_extra_light_SUITE: *** FAILED *** test case 29 of 52

----------------------------------------------------
2016-04-10 22:40:17.587
starting test case: app_test


----------------------------------------------------
2016-04-10 22:40:17.594
ending test case: app_test


----------------------------------------------------
2016-04-10 22:40:17.666
starting test case: start_one_disc_full_then_one_disc_less


----------------------------------------------------
2016-04-10 22:40:19.731
ending test case: start_one_disc_full_then_one_disc_less

Testing lrascao.mnesia2.mnesia2_extra_light_SUITE: *** FAILED *** test case 31 of 52

----------------------------------------------------
2016-04-10 22:40:19.759
starting test case: start_first_one_disc_less_then_one_disc_full


----------------------------------------------------
2016-04-10 22:40:23.848
ending test case: start_first_one_disc_less_then_one_disc_full

Testing lrascao.mnesia2.mnesia2_extra_light_SUITE: *** FAILED *** test case 32 of 52

----------------------------------------------------
2016-04-10 22:40:23.877
starting test case: start_first_one_disc_less_then_two_more_disc_less


----------------------------------------------------
2016-04-10 22:40:26.356
ending test case: start_first_one_disc_less_then_two_more_disc_less

Testing lrascao.mnesia2.mnesia2_extra_light_SUITE: *** FAILED *** test case 33 of 52

----------------------------------------------------
2016-04-10 22:40:26.385
starting test case: schema_location_and_extra_db_nodes_combinations


----------------------------------------------------
2016-04-10 22:40:28.448
ending test case: schema_location_and_extra_db_nodes_combinations

Testing lrascao.mnesia2.mnesia2_extra_light_SUITE: *** FAILED *** test case 34 of 52

----------------------------------------------------
2016-04-10 22:40:28.476
starting test case: table_load_to_disc_less_nodes


----------------------------------------------------
2016-04-10 22:40:30.522
ending test case: table_load_to_disc_less_nodes

Testing lrascao.mnesia2.mnesia2_extra_light_SUITE: *** FAILED *** test case 35 of 52

----------------------------------------------------
2016-04-10 22:40:30.549
starting test case: schema_merge


- - - - - - - - - - - - - - - - - - - - - - - - - -
mnesia2_test_lib:do_prepare failed on line 694
Reason: {test_case_fatal,"Cannot start appls ~p: ~p~n",[[...]|...],[...],...}
- - - - - - - - - - - - - - - - - - - - - - - - - -


----------------------------------------------------
2016-04-10 22:40:31.615
ending test case: schema_merge

Testing lrascao.mnesia2.mnesia2_extra_light_SUITE: *** FAILED *** test case 36 of 52

----------------------------------------------------
2016-04-10 22:40:31.669
starting test case: dynamic_basic


- - - - - - - - - - - - - - - - - - - - - - - - - -
mnesia2_test_lib:do_prepare failed on line 694
Reason: {test_case_fatal,"Cannot start appls ~p: ~p~n",[[...]|...],[...],...}
- - - - - - - - - - - - - - - - - - - - - - - - - -


----------------------------------------------------
2016-04-10 22:40:31.728
ending test case: dynamic_basic

Testing lrascao.mnesia2.mnesia2_extra_light_SUITE: *** FAILED *** test case 37 of 52

----------------------------------------------------
2016-04-10 22:40:31.756
starting test case: dynamic_ext


- - - - - - - - - - - - - - - - - - - - - - - - - -
mnesia2_test_lib:do_prepare failed on line 694
Reason: {test_case_fatal,"Cannot start appls ~p: ~p~n",[[...]|...],[...],...}
- - - - - - - - - - - - - - - - - - - - - - - - - -


----------------------------------------------------
2016-04-10 22:40:31.802
ending test case: dynamic_ext

Testing lrascao.mnesia2.mnesia2_extra_light_SUITE: *** FAILED *** test case 38 of 52

----------------------------------------------------
2016-04-10 22:40:31.831
starting test case: dynamic_bad


- - - - - - - - - - - - - - - - - - - - - - - - - -
mnesia2_test_lib:do_prepare failed on line 694
Reason: {test_case_fatal,"Cannot start appls ~p: ~p~n",[[...]|...],[...],...}
- - - - - - - - - - - - - - - - - - - - - - - - - -


----------------------------------------------------
2016-04-10 22:40:31.872
ending test case: dynamic_bad

Testing lrascao.mnesia2.mnesia2_extra_light_SUITE: *** FAILED *** test case 39 of 52

----------------------------------------------------
2016-04-10 22:40:31.952
starting test case: unknown_config


----------------------------------------------------
2016-04-10 22:40:33.997
ending test case: unknown_config


----------------------------------------------------
2016-04-10 22:40:34.084
ending test group: config


----------------------------------------------------
2016-04-10 22:40:34.127
starting test group: examples


----------------------------------------------------
2016-04-10 22:40:34.211
starting test case: bup


----------------------------------------------------
2016-04-10 22:40:34.238
ending test case: bup


- - - - - - - - - - - - - - - - - - - - - - - - - -
Error detected: error
- - - - - - - - - - - - - - - - - - - - - - - - - -

Testing lrascao.mnesia2.mnesia2_extra_light_SUITE: *** FAILED *** test case 41 of 52

----------------------------------------------------
2016-04-10 22:40:34.265
starting test case: company


----------------------------------------------------
2016-04-10 22:40:34.266
ending test case: company


----------------------------------------------------
2016-04-10 22:40:34.293
starting test case: meter


----------------------------------------------------
2016-04-10 22:40:34.332
ending test case: meter


- - - - - - - - - - - - - - - - - - - - - - - - - -
Error detected: error
- - - - - - - - - - - - - - - - - - - - - - - - - -

Testing lrascao.mnesia2.mnesia2_extra_light_SUITE: *** FAILED *** test case 43 of 52

----------------------------------------------------
2016-04-10 22:40:34.399
starting test case: replica_test


----------------------------------------------------
2016-04-10 22:40:34.468
ending test case: replica_test


- - - - - - - - - - - - - - - - - - - - - - - - - -
Error detected: 'EXIT'
- - - - - - - - - - - - - - - - - - - - - - - - - -

Testing lrascao.mnesia2.mnesia2_extra_light_SUITE: *** FAILED *** test case 44 of 52

----------------------------------------------------
2016-04-10 22:40:34.496
starting test case: sticky_replica_test


----------------------------------------------------
2016-04-10 22:40:34.568
ending test case: sticky_replica_test


- - - - - - - - - - - - - - - - - - - - - - - - - -
Error detected: 'EXIT'
- - - - - - - - - - - - - - - - - - - - - - - - - -

Testing lrascao.mnesia2.mnesia2_extra_light_SUITE: *** FAILED *** test case 45 of 52

----------------------------------------------------
2016-04-10 22:40:34.597
starting test case: dist_test


----------------------------------------------------
2016-04-10 22:40:34.666
ending test case: dist_test


- - - - - - - - - - - - - - - - - - - - - - - - - -
Error detected: 'EXIT'
- - - - - - - - - - - - - - - - - - - - - - - - - -

Testing lrascao.mnesia2.mnesia2_extra_light_SUITE: *** FAILED *** test case 46 of 52

----------------------------------------------------
2016-04-10 22:40:34.698
starting test case: conflict_test


----------------------------------------------------
2016-04-10 22:40:34.783
ending test case: conflict_test


- - - - - - - - - - - - - - - - - - - - - - - - - -
Error detected: 'EXIT'
- - - - - - - - - - - - - - - - - - - - - - - - - -

Testing lrascao.mnesia2.mnesia2_extra_light_SUITE: *** FAILED *** test case 47 of 52

----------------------------------------------------
2016-04-10 22:40:34.812
starting test case: frag_test


----------------------------------------------------
2016-04-10 22:40:34.881
ending test case: frag_test


- - - - - - - - - - - - - - - - - - - - - - - - - -
Error detected: 'EXIT'
- - - - - - - - - - - - - - - - - - - - - - - - - -

Testing lrascao.mnesia2.mnesia2_extra_light_SUITE: *** FAILED *** test case 48 of 52

----------------------------------------------------
2016-04-10 22:40:34.911
starting test case: frag2_test


----------------------------------------------------
2016-04-10 22:40:34.987
ending test case: frag2_test


- - - - - - - - - - - - - - - - - - - - - - - - - -
Error detected: 'EXIT'
- - - - - - - - - - - - - - - - - - - - - - - - - -

Testing lrascao.mnesia2.mnesia2_extra_light_SUITE: *** FAILED *** test case 49 of 52

----------------------------------------------------
2016-04-10 22:40:35.016
starting test case: remote_test


----------------------------------------------------
2016-04-10 22:40:35.089
ending test case: remote_test


- - - - - - - - - - - - - - - - - - - - - - - - - -
Error detected: 'EXIT'
- - - - - - - - - - - - - - - - - - - - - - - - - -

Testing lrascao.mnesia2.mnesia2_extra_light_SUITE: *** FAILED *** test case 50 of 52

----------------------------------------------------
2016-04-10 22:40:35.118
starting test case: remote_frag2_test


----------------------------------------------------
2016-04-10 22:40:35.175
ending test case: remote_frag2_test


- - - - - - - - - - - - - - - - - - - - - - - - - -
Error detected: 'EXIT'
- - - - - - - - - - - - - - - - - - - - - - - - - -

Testing lrascao.mnesia2.mnesia2_extra_light_SUITE: *** FAILED *** test case 51 of 52

----------------------------------------------------
2016-04-10 22:40:35.290
ending test group: examples


----------------------------------------------------
2016-04-10 22:40:35.318
ending test group: extra_light


----------------------------------------------------
2016-04-10 22:40:35.344
starting test case: clean_up_suite


----------------------------------------------------
2016-04-10 22:40:35.359
ending test case: clean_up_suite

Testing lrascao.mnesia2.mnesia2_extra_light_SUITE: TEST COMPLETE, 5 ok, 47 failed of 52 test cases

Cover analysing...
Updating /home/travis/build/lrascao/mnesia2/logs/index.html... done
Updating /home/travis/build/lrascao/mnesia2/logs/all_runs.html... done

